<?xml version="1.0" encoding="UTF-8"?>
<coverage generated="1764952988797" clover="3.2.0">
  <project timestamp="1764952988797" name="All files">
    <metrics statements="297" coveredstatements="235" conditionals="175" coveredconditionals="135" methods="45" coveredmethods="36" elements="517" coveredelements="406" complexity="0" loc="297" ncloc="297" packages="2" files="8" classes="8"/>
    <package name="src">
      <metrics statements="295" coveredstatements="233" conditionals="175" coveredconditionals="135" methods="45" coveredmethods="36"/>
      <file name="console.ts" path="C:\Users\thumb\Documents\projects\typescript\utils\src\console.ts">
        <metrics statements="17" coveredstatements="12" conditionals="0" coveredconditionals="0" methods="6" coveredmethods="1"/>
        <line num="11" count="4" type="stmt"/>
        <line num="12" count="4" type="stmt"/>
        <line num="13" count="4" type="stmt"/>
        <line num="14" count="4" type="stmt"/>
        <line num="18" count="4" type="stmt"/>
        <line num="19" count="0" type="stmt"/>
        <line num="22" count="4" type="stmt"/>
        <line num="23" count="0" type="stmt"/>
        <line num="26" count="4" type="stmt"/>
        <line num="27" count="0" type="stmt"/>
        <line num="30" count="4" type="stmt"/>
        <line num="31" count="0" type="stmt"/>
        <line num="34" count="4" type="stmt"/>
        <line num="35" count="0" type="stmt"/>
        <line num="38" count="4" type="stmt"/>
        <line num="39" count="1" type="stmt"/>
        <line num="61" count="4" type="stmt"/>
      </file>
      <file name="date.ts" path="C:\Users\thumb\Documents\projects\typescript\utils\src\date.ts">
        <metrics statements="44" coveredstatements="43" conditionals="29" coveredconditionals="28" methods="3" coveredmethods="3"/>
        <line num="7" count="4" type="stmt"/>
        <line num="11" count="10" type="stmt"/>
        <line num="12" count="10" type="stmt"/>
        <line num="15" count="10" type="stmt"/>
        <line num="17" count="10" type="stmt"/>
        <line num="19" count="24" type="cond" truecount="2" falsecount="0"/>
        <line num="21" count="16" type="cond" truecount="4" falsecount="0"/>
        <line num="22" count="6" type="stmt"/>
        <line num="24" count="6" type="cond" truecount="2" falsecount="0"/>
        <line num="29" count="6" type="stmt"/>
        <line num="32" count="6" type="cond" truecount="2" falsecount="0"/>
        <line num="33" count="1" type="stmt"/>
        <line num="37" count="5" type="stmt"/>
        <line num="39" count="1" type="stmt"/>
        <line num="49" count="10" type="stmt"/>
        <line num="62" count="4" type="stmt"/>
        <line num="63" count="9" type="stmt"/>
        <line num="64" count="9" type="stmt"/>
        <line num="65" count="9" type="stmt"/>
        <line num="66" count="9" type="stmt"/>
        <line num="84" count="4" type="stmt"/>
        <line num="86" count="17" type="cond" truecount="2" falsecount="0"/>
        <line num="87" count="2" type="stmt"/>
        <line num="91" count="15" type="stmt"/>
        <line num="94" count="15" type="stmt"/>
        <line num="95" count="15" type="cond" truecount="2" falsecount="0"/>
        <line num="96" count="3" type="stmt"/>
        <line num="102" count="12" type="stmt"/>
        <line num="103" count="12" type="stmt"/>
        <line num="104" count="12" type="stmt"/>
        <line num="105" count="12" type="stmt"/>
        <line num="108" count="12" type="cond" truecount="4" falsecount="0"/>
        <line num="109" count="2" type="stmt"/>
        <line num="114" count="10" type="cond" truecount="4" falsecount="0"/>
        <line num="115" count="2" type="stmt"/>
        <line num="119" count="8" type="stmt"/>
        <line num="122" count="8" type="cond" truecount="1" falsecount="1"/>
        <line num="123" count="0" type="stmt"/>
        <line num="127" count="8" type="stmt"/>
        <line num="128" count="8" type="stmt"/>
        <line num="129" count="8" type="stmt"/>
        <line num="131" count="8" type="cond" truecount="5" falsecount="0"/>
        <line num="132" count="3" type="stmt"/>
        <line num="137" count="5" type="stmt"/>
      </file>
      <file name="filesystem.ts" path="C:\Users\thumb\Documents\projects\typescript\utils\src\filesystem.ts">
        <metrics statements="85" coveredstatements="49" conditionals="46" coveredconditionals="26" methods="11" coveredmethods="8"/>
        <line num="30" count="1" type="stmt"/>
        <line num="31" count="1" type="stmt"/>
        <line num="32" count="1" type="stmt"/>
        <line num="34" count="0" type="stmt"/>
        <line num="67" count="1" type="cond" truecount="1" falsecount="1"/>
        <line num="68" count="1" type="stmt"/>
        <line num="69" count="1" type="stmt"/>
        <line num="70" count="1" type="stmt"/>
        <line num="72" count="0" type="stmt"/>
        <line num="76" count="0" type="stmt"/>
        <line num="88" count="4" type="stmt"/>
        <line num="91" count="0" type="stmt"/>
        <line num="93" count="0" type="cond" truecount="0" falsecount="2"/>
        <line num="94" count="0" type="stmt"/>
        <line num="95" count="0" type="stmt"/>
        <line num="99" count="0" type="stmt"/>
        <line num="102" count="0" type="stmt"/>
        <line num="104" count="0" type="stmt"/>
        <line num="105" count="0" type="stmt"/>
        <line num="118" count="4" type="stmt"/>
        <line num="121" count="4" type="stmt"/>
        <line num="123" count="4" type="cond" truecount="1" falsecount="1"/>
        <line num="124" count="0" type="stmt"/>
        <line num="125" count="0" type="stmt"/>
        <line num="128" count="4" type="stmt"/>
        <line num="131" count="4" type="stmt"/>
        <line num="135" count="4" type="stmt"/>
        <line num="137" count="13" type="cond" truecount="1" falsecount="1"/>
        <line num="138" count="0" type="stmt"/>
        <line num="142" count="0" type="stmt"/>
        <line num="144" count="0" type="cond" truecount="0" falsecount="2"/>
        <line num="145" count="0" type="stmt"/>
        <line num="147" count="13" type="cond" truecount="1" falsecount="1"/>
        <line num="149" count="13" type="stmt"/>
        <line num="153" count="4" type="stmt"/>
        <line num="155" count="0" type="stmt"/>
        <line num="156" count="0" type="stmt"/>
        <line num="167" count="4" type="stmt"/>
        <line num="168" count="3" type="cond" truecount="2" falsecount="0"/>
        <line num="169" count="1" type="stmt"/>
        <line num="172" count="2" type="stmt"/>
        <line num="177" count="2" type="stmt"/>
        <line num="192" count="10" type="cond" truecount="2" falsecount="0"/>
        <line num="193" count="7" type="stmt"/>
        <line num="195" count="10" type="stmt"/>
        <line num="198" count="10" type="stmt"/>
        <line num="199" count="10" type="stmt"/>
        <line num="200" count="30" type="cond" truecount="2" falsecount="0"/>
        <line num="201" count="10" type="stmt"/>
        <line num="203" count="20" type="stmt"/>
        <line num="205" count="0" type="stmt"/>
        <line num="253" count="8" type="stmt"/>
        <line num="255" count="8" type="stmt"/>
        <line num="257" count="8" type="stmt"/>
        <line num="259" count="8" type="cond" truecount="1" falsecount="1"/>
        <line num="260" count="0" type="stmt"/>
        <line num="263" count="8" type="cond" truecount="2" falsecount="0"/>
        <line num="264" count="1" type="stmt"/>
        <line num="267" count="8" type="stmt"/>
        <line num="288" count="0" type="stmt"/>
        <line num="290" count="0" type="stmt"/>
        <line num="291" count="0" type="cond" truecount="0" falsecount="2"/>
        <line num="292" count="0" type="stmt"/>
        <line num="293" count="0" type="stmt"/>
        <line num="295" count="0" type="stmt"/>
        <line num="334" count="1" type="cond" truecount="4" falsecount="0"/>
        <line num="336" count="1" type="stmt"/>
        <line num="338" count="1" type="stmt"/>
        <line num="339" count="1" type="cond" truecount="1" falsecount="1"/>
        <line num="340" count="0" type="stmt"/>
        <line num="341" count="0" type="stmt"/>
        <line num="344" count="1" type="cond" truecount="3" falsecount="1"/>
        <line num="345" count="0" type="stmt"/>
        <line num="348" count="0" type="stmt"/>
        <line num="351" count="1" type="cond" truecount="2" falsecount="2"/>
        <line num="352" count="0" type="stmt"/>
        <line num="355" count="0" type="stmt"/>
        <line num="358" count="1" type="cond" truecount="1" falsecount="1"/>
        <line num="363" count="1" type="cond" truecount="1" falsecount="1"/>
        <line num="368" count="1" type="stmt"/>
        <line num="371" count="1" type="cond" truecount="1" falsecount="1"/>
        <line num="372" count="0" type="stmt"/>
        <line num="375" count="0" type="stmt"/>
        <line num="376" count="0" type="stmt"/>
        <line num="388" count="3" type="stmt"/>
      </file>
      <file name="markdown.ts" path="C:\Users\thumb\Documents\projects\typescript\utils\src\markdown.ts">
        <metrics statements="85" coveredstatements="66" conditionals="42" coveredconditionals="24" methods="8" coveredmethods="7"/>
        <line num="150" count="4" type="cond" truecount="1" falsecount="1"/>
        <line num="152" count="4" type="stmt"/>
        <line num="153" count="4" type="stmt"/>
        <line num="155" count="4" type="stmt"/>
        <line num="157" count="13" type="stmt"/>
        <line num="158" count="13" type="stmt"/>
        <line num="160" count="13" type="cond" truecount="1" falsecount="1"/>
        <line num="161" count="13" type="stmt"/>
        <line num="166" count="0" type="stmt"/>
        <line num="175" count="4" type="stmt"/>
        <line num="224" count="3" type="stmt"/>
        <line num="225" count="3" type="stmt"/>
        <line num="226" count="3" type="stmt"/>
        <line num="228" count="3" type="stmt"/>
        <line num="229" count="3" type="stmt"/>
        <line num="230" count="3" type="stmt"/>
        <line num="232" count="3" type="stmt"/>
        <line num="233" count="9" type="stmt"/>
        <line num="235" count="9" type="cond" truecount="2" falsecount="0"/>
        <line num="236" count="3" type="stmt"/>
        <line num="240" count="3" type="stmt"/>
        <line num="241" count="4" type="cond" truecount="2" falsecount="0"/>
        <line num="242" count="3" type="stmt"/>
        <line num="243" count="3" type="stmt"/>
        <line num="245" count="4" type="stmt"/>
        <line num="250" count="6" type="stmt"/>
        <line num="251" count="6" type="stmt"/>
        <line num="261" count="3" type="cond" truecount="2" falsecount="0"/>
        <line num="262" count="2" type="stmt"/>
        <line num="269" count="3" type="stmt"/>
        <line num="312" count="1" type="stmt"/>
        <line num="315" count="13" type="stmt"/>
        <line num="316" count="13" type="stmt"/>
        <line num="318" count="13" type="stmt"/>
        <line num="319" count="13" type="stmt"/>
        <line num="321" count="13" type="stmt"/>
        <line num="322" count="13" type="stmt"/>
        <line num="324" count="13" type="stmt"/>
        <line num="325" count="1733" type="cond" truecount="2" falsecount="0"/>
        <line num="326" count="26" type="stmt"/>
        <line num="327" count="26" type="cond" truecount="2" falsecount="0"/>
        <line num="328" count="13" type="stmt"/>
        <line num="329" count="13" type="cond" truecount="1" falsecount="1"/>
        <line num="330" count="13" type="stmt"/>
        <line num="332" count="26" type="stmt"/>
        <line num="335" count="1707" type="cond" truecount="2" falsecount="0"/>
        <line num="336" count="119" type="stmt"/>
        <line num="337" count="1588" type="cond" truecount="1" falsecount="1"/>
        <line num="338" count="1588" type="stmt"/>
        <line num="339" count="0" type="cond" truecount="0" falsecount="2"/>
        <line num="341" count="0" type="stmt"/>
        <line num="345" count="13" type="stmt"/>
        <line num="347" count="13" type="stmt"/>
        <line num="349" count="13" type="cond" truecount="1" falsecount="1"/>
        <line num="350" count="13" type="stmt"/>
        <line num="351" count="13" type="stmt"/>
        <line num="352" count="13" type="stmt"/>
        <line num="357" count="13" type="stmt"/>
        <line num="360" count="13" type="stmt"/>
        <line num="368" count="0" type="stmt"/>
        <line num="375" count="0" type="stmt"/>
        <line num="386" count="13" type="stmt"/>
        <line num="389" count="13" type="stmt"/>
        <line num="395" count="89" type="cond" truecount="2" falsecount="0"/>
        <line num="397" count="47" type="stmt"/>
        <line num="398" count="47" type="cond" truecount="2" falsecount="0"/>
        <line num="399" count="21" type="stmt"/>
        <line num="401" count="26" type="stmt"/>
        <line num="405" count="42" type="stmt"/>
        <line num="409" count="13" type="stmt"/>
        <line num="458" count="1" type="stmt"/>
        <line num="462" count="0" type="stmt"/>
        <line num="463" count="0" type="stmt"/>
        <line num="466" count="0" type="cond" truecount="0" falsecount="2"/>
        <line num="471" count="0" type="stmt"/>
        <line num="478" count="0" type="stmt"/>
        <line num="479" count="0" type="stmt"/>
        <line num="480" count="0" type="stmt"/>
        <line num="484" count="0" type="cond" truecount="0" falsecount="2"/>
        <line num="486" count="0" type="cond" truecount="0" falsecount="2"/>
        <line num="487" count="0" type="stmt"/>
        <line num="489" count="0" type="stmt"/>
        <line num="493" count="0" type="stmt"/>
        <line num="495" count="0" type="stmt"/>
        <line num="497" count="0" type="stmt"/>
      </file>
      <file name="math.ts" path="C:\Users\thumb\Documents\projects\typescript\utils\src\math.ts">
        <metrics statements="2" coveredstatements="2" conditionals="0" coveredconditionals="0" methods="1" coveredmethods="1"/>
        <line num="24" count="1" type="stmt"/>
        <line num="28" count="10" type="stmt"/>
      </file>
      <file name="objects.ts" path="C:\Users\thumb\Documents\projects\typescript\utils\src\objects.ts">
        <metrics statements="37" coveredstatements="36" conditionals="27" coveredconditionals="26" methods="14" coveredmethods="14"/>
        <line num="45" count="20" type="cond" truecount="2" falsecount="0"/>
        <line num="46" count="2" type="stmt"/>
        <line num="48" count="18" type="cond" truecount="4" falsecount="0"/>
        <line num="49" count="4" type="stmt"/>
        <line num="54" count="14" type="stmt"/>
        <line num="55" count="14" type="stmt"/>
        <line num="56" count="14" type="stmt"/>
        <line num="57" count="14" type="stmt"/>
        <line num="67" count="33" type="cond" truecount="2" falsecount="0"/>
        <line num="77" count="3" type="stmt"/>
        <line num="87" count="3" type="stmt"/>
        <line num="99" count="8" type="cond" truecount="1" falsecount="1"/>
        <line num="100" count="0" type="stmt"/>
        <line num="105" count="8" type="stmt"/>
        <line num="106" count="8" type="cond" truecount="2" falsecount="0"/>
        <line num="107" count="2" type="stmt"/>
        <line num="109" count="8" type="stmt"/>
        <line num="129" count="11" type="cond" truecount="2" falsecount="0"/>
        <line num="130" count="3" type="stmt"/>
        <line num="135" count="8" type="stmt"/>
        <line num="136" count="8" type="stmt"/>
        <line num="138" count="8" type="stmt"/>
        <line num="160" count="8" type="cond" truecount="2" falsecount="0"/>
        <line num="161" count="2" type="stmt"/>
        <line num="165" count="6" type="cond" truecount="4" falsecount="0"/>
        <line num="166" count="2" type="stmt"/>
        <line num="169" count="4" type="stmt"/>
        <line num="170" count="4" type="stmt"/>
        <line num="172" count="14" type="stmt"/>
        <line num="182" count="2" type="stmt"/>
        <line num="183" count="3" type="stmt"/>
        <line num="193" count="3" type="stmt"/>
        <line num="210" count="8" type="stmt"/>
        <line num="226" count="14" type="cond" truecount="2" falsecount="0"/>
        <line num="227" count="11" type="stmt"/>
        <line num="239" count="8" type="stmt"/>
        <line num="240" count="8" type="stmt"/>
      </file>
      <file name="sort.ts" path="C:\Users\thumb\Documents\projects\typescript\utils\src\sort.ts">
        <metrics statements="25" coveredstatements="25" conditionals="31" coveredconditionals="31" methods="2" coveredmethods="2"/>
        <line num="22" count="1" type="stmt"/>
        <line num="27" count="28" type="stmt"/>
        <line num="28" count="87" type="stmt"/>
        <line num="29" count="100" type="stmt"/>
        <line num="30" count="100" type="cond" truecount="2" falsecount="0"/>
        <line num="31" count="100" type="cond" truecount="2" falsecount="0"/>
        <line num="33" count="100" type="stmt"/>
        <line num="34" count="100" type="stmt"/>
        <line num="35" count="100" type="stmt"/>
        <line num="38" count="100" type="cond" truecount="4" falsecount="0"/>
        <line num="39" count="1" type="stmt"/>
        <line num="40" count="99" type="cond" truecount="2" falsecount="0"/>
        <line num="41" count="4" type="stmt"/>
        <line num="42" count="95" type="cond" truecount="2" falsecount="0"/>
        <line num="43" count="6" type="stmt"/>
        <line num="44" count="89" type="cond" truecount="2" falsecount="0"/>
        <line num="47" count="45" type="stmt"/>
        <line num="48" count="44" type="cond" truecount="2" falsecount="0"/>
        <line num="51" count="8" type="stmt"/>
        <line num="52" count="36" type="cond" truecount="2" falsecount="0"/>
        <line num="55" count="6" type="cond" truecount="4" falsecount="0"/>
        <line num="59" count="30" type="stmt"/>
        <line num="69" count="100" type="cond" truecount="2" falsecount="0"/>
        <line num="70" count="80" type="stmt"/>
        <line num="73" count="7" type="stmt"/>
      </file>
    </package>
    <package name="tests">
      <metrics statements="2" coveredstatements="2" conditionals="0" coveredconditionals="0" methods="0" coveredmethods="0"/>
      <file name="obsidan-types.ts" path="C:\Users\thumb\Documents\projects\typescript\utils\tests\obsidan-types.ts">
        <metrics statements="2" coveredstatements="2" conditionals="0" coveredconditionals="0" methods="0" coveredmethods="0"/>
        <line num="3" count="1" type="stmt"/>
        <line num="19" count="1" type="stmt"/>
      </file>
    </package>
  </project>
</coverage>
