<?xml version="1.0" encoding="UTF-8"?>
<coverage generated="1764788735937" clover="3.2.0">
  <project timestamp="1764788735937" name="All files">
    <metrics statements="278" coveredstatements="206" conditionals="165" coveredconditionals="115" methods="44" coveredmethods="33" elements="487" coveredelements="354" complexity="0" loc="278" ncloc="278" packages="2" files="8" classes="8"/>
    <package name="src">
      <metrics statements="276" coveredstatements="204" conditionals="165" coveredconditionals="115" methods="44" coveredmethods="33"/>
      <file name="console.ts" path="C:\Users\thumb\Documents\projects\typescript\utils\src\console.ts">
        <metrics statements="17" coveredstatements="11" conditionals="0" coveredconditionals="0" methods="6" coveredmethods="0"/>
        <line num="11" count="4" type="stmt"/>
        <line num="12" count="4" type="stmt"/>
        <line num="13" count="4" type="stmt"/>
        <line num="14" count="4" type="stmt"/>
        <line num="18" count="4" type="stmt"/>
        <line num="19" count="0" type="stmt"/>
        <line num="22" count="4" type="stmt"/>
        <line num="23" count="0" type="stmt"/>
        <line num="26" count="4" type="stmt"/>
        <line num="27" count="0" type="stmt"/>
        <line num="30" count="4" type="stmt"/>
        <line num="31" count="0" type="stmt"/>
        <line num="34" count="4" type="stmt"/>
        <line num="35" count="0" type="stmt"/>
        <line num="38" count="4" type="stmt"/>
        <line num="39" count="0" type="stmt"/>
        <line num="61" count="4" type="stmt"/>
      </file>
      <file name="date.ts" path="C:\Users\thumb\Documents\projects\typescript\utils\src\date.ts">
        <metrics statements="44" coveredstatements="43" conditionals="29" coveredconditionals="28" methods="3" coveredmethods="3"/>
        <line num="7" count="4" type="stmt"/>
        <line num="11" count="10" type="stmt"/>
        <line num="12" count="10" type="stmt"/>
        <line num="15" count="10" type="stmt"/>
        <line num="17" count="10" type="stmt"/>
        <line num="19" count="24" type="cond" truecount="2" falsecount="0"/>
        <line num="21" count="16" type="cond" truecount="4" falsecount="0"/>
        <line num="22" count="6" type="stmt"/>
        <line num="24" count="6" type="cond" truecount="2" falsecount="0"/>
        <line num="29" count="6" type="stmt"/>
        <line num="32" count="6" type="cond" truecount="2" falsecount="0"/>
        <line num="33" count="1" type="stmt"/>
        <line num="37" count="5" type="stmt"/>
        <line num="39" count="1" type="stmt"/>
        <line num="49" count="10" type="stmt"/>
        <line num="62" count="4" type="stmt"/>
        <line num="63" count="8" type="stmt"/>
        <line num="64" count="8" type="stmt"/>
        <line num="65" count="8" type="stmt"/>
        <line num="66" count="8" type="stmt"/>
        <line num="84" count="4" type="stmt"/>
        <line num="86" count="17" type="cond" truecount="2" falsecount="0"/>
        <line num="87" count="2" type="stmt"/>
        <line num="91" count="15" type="stmt"/>
        <line num="94" count="15" type="stmt"/>
        <line num="95" count="15" type="cond" truecount="2" falsecount="0"/>
        <line num="96" count="3" type="stmt"/>
        <line num="102" count="12" type="stmt"/>
        <line num="103" count="12" type="stmt"/>
        <line num="104" count="12" type="stmt"/>
        <line num="105" count="12" type="stmt"/>
        <line num="108" count="12" type="cond" truecount="4" falsecount="0"/>
        <line num="109" count="2" type="stmt"/>
        <line num="114" count="10" type="cond" truecount="4" falsecount="0"/>
        <line num="115" count="2" type="stmt"/>
        <line num="119" count="8" type="stmt"/>
        <line num="122" count="8" type="cond" truecount="1" falsecount="1"/>
        <line num="123" count="0" type="stmt"/>
        <line num="127" count="8" type="stmt"/>
        <line num="128" count="8" type="stmt"/>
        <line num="129" count="8" type="stmt"/>
        <line num="131" count="8" type="cond" truecount="5" falsecount="0"/>
        <line num="132" count="3" type="stmt"/>
        <line num="137" count="5" type="stmt"/>
      </file>
      <file name="filesystem.ts" path="C:\Users\thumb\Documents\projects\typescript\utils\src\filesystem.ts">
        <metrics statements="85" coveredstatements="39" conditionals="46" coveredconditionals="13" methods="11" coveredmethods="7"/>
        <line num="30" count="1" type="stmt"/>
        <line num="31" count="1" type="stmt"/>
        <line num="32" count="1" type="stmt"/>
        <line num="34" count="0" type="stmt"/>
        <line num="67" count="1" type="cond" truecount="1" falsecount="1"/>
        <line num="68" count="1" type="stmt"/>
        <line num="69" count="1" type="stmt"/>
        <line num="70" count="1" type="stmt"/>
        <line num="72" count="0" type="stmt"/>
        <line num="76" count="0" type="stmt"/>
        <line num="88" count="4" type="stmt"/>
        <line num="91" count="0" type="stmt"/>
        <line num="93" count="0" type="cond" truecount="0" falsecount="2"/>
        <line num="94" count="0" type="stmt"/>
        <line num="95" count="0" type="stmt"/>
        <line num="99" count="0" type="stmt"/>
        <line num="102" count="0" type="stmt"/>
        <line num="104" count="0" type="stmt"/>
        <line num="105" count="0" type="stmt"/>
        <line num="118" count="4" type="stmt"/>
        <line num="121" count="4" type="stmt"/>
        <line num="123" count="4" type="cond" truecount="1" falsecount="1"/>
        <line num="124" count="0" type="stmt"/>
        <line num="125" count="0" type="stmt"/>
        <line num="128" count="4" type="stmt"/>
        <line num="131" count="4" type="stmt"/>
        <line num="135" count="4" type="stmt"/>
        <line num="137" count="13" type="cond" truecount="1" falsecount="1"/>
        <line num="138" count="0" type="stmt"/>
        <line num="142" count="0" type="stmt"/>
        <line num="144" count="0" type="cond" truecount="0" falsecount="2"/>
        <line num="145" count="0" type="stmt"/>
        <line num="147" count="13" type="cond" truecount="1" falsecount="1"/>
        <line num="149" count="13" type="stmt"/>
        <line num="153" count="4" type="stmt"/>
        <line num="155" count="0" type="stmt"/>
        <line num="156" count="0" type="stmt"/>
        <line num="167" count="4" type="stmt"/>
        <line num="168" count="3" type="cond" truecount="2" falsecount="0"/>
        <line num="169" count="1" type="stmt"/>
        <line num="172" count="2" type="stmt"/>
        <line num="177" count="2" type="stmt"/>
        <line num="192" count="9" type="cond" truecount="2" falsecount="0"/>
        <line num="193" count="6" type="stmt"/>
        <line num="195" count="9" type="stmt"/>
        <line num="198" count="9" type="stmt"/>
        <line num="199" count="9" type="stmt"/>
        <line num="200" count="27" type="cond" truecount="2" falsecount="0"/>
        <line num="201" count="9" type="stmt"/>
        <line num="203" count="18" type="stmt"/>
        <line num="205" count="0" type="stmt"/>
        <line num="253" count="7" type="stmt"/>
        <line num="255" count="7" type="stmt"/>
        <line num="257" count="7" type="stmt"/>
        <line num="259" count="7" type="cond" truecount="1" falsecount="1"/>
        <line num="260" count="0" type="stmt"/>
        <line num="263" count="7" type="cond" truecount="2" falsecount="0"/>
        <line num="264" count="1" type="stmt"/>
        <line num="267" count="7" type="stmt"/>
        <line num="383" count="0" type="stmt"/>
        <line num="385" count="0" type="stmt"/>
        <line num="386" count="0" type="cond" truecount="0" falsecount="2"/>
        <line num="387" count="0" type="stmt"/>
        <line num="388" count="0" type="stmt"/>
        <line num="390" count="0" type="stmt"/>
        <line num="429" count="0" type="cond" truecount="0" falsecount="4"/>
        <line num="431" count="0" type="stmt"/>
        <line num="433" count="0" type="stmt"/>
        <line num="434" count="0" type="cond" truecount="0" falsecount="2"/>
        <line num="435" count="0" type="stmt"/>
        <line num="436" count="0" type="stmt"/>
        <line num="439" count="0" type="cond" truecount="0" falsecount="4"/>
        <line num="440" count="0" type="stmt"/>
        <line num="443" count="0" type="stmt"/>
        <line num="446" count="0" type="cond" truecount="0" falsecount="4"/>
        <line num="447" count="0" type="stmt"/>
        <line num="450" count="0" type="stmt"/>
        <line num="453" count="0" type="cond" truecount="0" falsecount="2"/>
        <line num="458" count="0" type="cond" truecount="0" falsecount="2"/>
        <line num="463" count="0" type="stmt"/>
        <line num="466" count="0" type="cond" truecount="0" falsecount="2"/>
        <line num="467" count="0" type="stmt"/>
        <line num="470" count="0" type="stmt"/>
        <line num="471" count="0" type="stmt"/>
        <line num="483" count="3" type="stmt"/>
      </file>
      <file name="markdown.ts" path="C:\Users\thumb\Documents\projects\typescript\utils\src\markdown.ts">
        <metrics statements="66" coveredstatements="48" conditionals="32" coveredconditionals="17" methods="7" coveredmethods="6"/>
        <line num="73" count="4" type="cond" truecount="1" falsecount="1"/>
        <line num="75" count="4" type="stmt"/>
        <line num="77" count="13" type="stmt"/>
        <line num="79" count="13" type="stmt"/>
        <line num="81" count="13" type="stmt"/>
        <line num="90" count="4" type="stmt"/>
        <line num="138" count="3" type="stmt"/>
        <line num="139" count="3" type="stmt"/>
        <line num="141" count="3" type="stmt"/>
        <line num="142" count="3" type="stmt"/>
        <line num="144" count="3" type="stmt"/>
        <line num="145" count="9" type="stmt"/>
        <line num="147" count="9" type="cond" truecount="2" falsecount="0"/>
        <line num="148" count="2" type="stmt"/>
        <line num="154" count="2" type="stmt"/>
        <line num="155" count="3" type="stmt"/>
        <line num="162" count="7" type="stmt"/>
        <line num="166" count="3" type="cond" truecount="2" falsecount="0"/>
        <line num="167" count="1" type="stmt"/>
        <line num="172" count="3" type="stmt"/>
        <line num="286" count="1" type="stmt"/>
        <line num="291" count="13" type="stmt"/>
        <line num="292" count="13" type="stmt"/>
        <line num="293" count="13" type="stmt"/>
        <line num="295" count="13" type="stmt"/>
        <line num="296" count="13" type="stmt"/>
        <line num="298" count="13" type="stmt"/>
        <line num="299" count="13" type="stmt"/>
        <line num="301" count="13" type="stmt"/>
        <line num="302" count="1734" type="cond" truecount="2" falsecount="0"/>
        <line num="303" count="26" type="stmt"/>
        <line num="304" count="26" type="cond" truecount="2" falsecount="0"/>
        <line num="305" count="13" type="stmt"/>
        <line num="306" count="13" type="cond" truecount="1" falsecount="1"/>
        <line num="307" count="13" type="stmt"/>
        <line num="309" count="26" type="stmt"/>
        <line num="312" count="1708" type="cond" truecount="2" falsecount="0"/>
        <line num="313" count="120" type="stmt"/>
        <line num="314" count="1588" type="cond" truecount="1" falsecount="1"/>
        <line num="315" count="1588" type="stmt"/>
        <line num="316" count="0" type="cond" truecount="0" falsecount="2"/>
        <line num="318" count="0" type="stmt"/>
        <line num="325" count="13" type="stmt"/>
        <line num="327" count="13" type="stmt"/>
        <line num="329" count="13" type="cond" truecount="1" falsecount="1"/>
        <line num="330" count="13" type="stmt"/>
        <line num="331" count="13" type="stmt"/>
        <line num="332" count="13" type="stmt"/>
        <line num="337" count="0" type="stmt"/>
        <line num="345" count="13" type="stmt"/>
        <line num="351" count="0" type="stmt"/>
        <line num="364" count="1" type="stmt"/>
        <line num="370" count="0" type="stmt"/>
        <line num="371" count="0" type="stmt"/>
        <line num="374" count="0" type="cond" truecount="0" falsecount="2"/>
        <line num="379" count="0" type="stmt"/>
        <line num="386" count="0" type="stmt"/>
        <line num="387" count="0" type="stmt"/>
        <line num="388" count="0" type="stmt"/>
        <line num="392" count="0" type="cond" truecount="0" falsecount="2"/>
        <line num="394" count="0" type="cond" truecount="0" falsecount="2"/>
        <line num="395" count="0" type="stmt"/>
        <line num="397" count="0" type="stmt"/>
        <line num="401" count="0" type="stmt"/>
        <line num="403" count="0" type="stmt"/>
        <line num="405" count="0" type="stmt"/>
      </file>
      <file name="math.ts" path="C:\Users\thumb\Documents\projects\typescript\utils\src\math.ts">
        <metrics statements="2" coveredstatements="2" conditionals="0" coveredconditionals="0" methods="1" coveredmethods="1"/>
        <line num="24" count="1" type="stmt"/>
        <line num="28" count="10" type="stmt"/>
      </file>
      <file name="objects.ts" path="C:\Users\thumb\Documents\projects\typescript\utils\src\objects.ts">
        <metrics statements="37" coveredstatements="36" conditionals="27" coveredconditionals="26" methods="14" coveredmethods="14"/>
        <line num="45" count="20" type="cond" truecount="2" falsecount="0"/>
        <line num="46" count="2" type="stmt"/>
        <line num="48" count="18" type="cond" truecount="4" falsecount="0"/>
        <line num="49" count="4" type="stmt"/>
        <line num="54" count="14" type="stmt"/>
        <line num="55" count="14" type="stmt"/>
        <line num="56" count="14" type="stmt"/>
        <line num="57" count="14" type="stmt"/>
        <line num="67" count="33" type="cond" truecount="2" falsecount="0"/>
        <line num="77" count="3" type="stmt"/>
        <line num="87" count="3" type="stmt"/>
        <line num="99" count="8" type="cond" truecount="1" falsecount="1"/>
        <line num="100" count="0" type="stmt"/>
        <line num="105" count="8" type="stmt"/>
        <line num="106" count="8" type="cond" truecount="2" falsecount="0"/>
        <line num="107" count="2" type="stmt"/>
        <line num="109" count="8" type="stmt"/>
        <line num="129" count="11" type="cond" truecount="2" falsecount="0"/>
        <line num="130" count="3" type="stmt"/>
        <line num="135" count="8" type="stmt"/>
        <line num="136" count="8" type="stmt"/>
        <line num="138" count="8" type="stmt"/>
        <line num="160" count="8" type="cond" truecount="2" falsecount="0"/>
        <line num="161" count="2" type="stmt"/>
        <line num="165" count="6" type="cond" truecount="4" falsecount="0"/>
        <line num="166" count="2" type="stmt"/>
        <line num="169" count="4" type="stmt"/>
        <line num="170" count="4" type="stmt"/>
        <line num="172" count="14" type="stmt"/>
        <line num="182" count="2" type="stmt"/>
        <line num="183" count="3" type="stmt"/>
        <line num="193" count="3" type="stmt"/>
        <line num="210" count="8" type="stmt"/>
        <line num="226" count="14" type="cond" truecount="2" falsecount="0"/>
        <line num="227" count="11" type="stmt"/>
        <line num="239" count="8" type="stmt"/>
        <line num="240" count="8" type="stmt"/>
      </file>
      <file name="sort.ts" path="C:\Users\thumb\Documents\projects\typescript\utils\src\sort.ts">
        <metrics statements="25" coveredstatements="25" conditionals="31" coveredconditionals="31" methods="2" coveredmethods="2"/>
        <line num="22" count="1" type="stmt"/>
        <line num="27" count="28" type="stmt"/>
        <line num="28" count="87" type="stmt"/>
        <line num="29" count="100" type="stmt"/>
        <line num="30" count="100" type="cond" truecount="2" falsecount="0"/>
        <line num="31" count="100" type="cond" truecount="2" falsecount="0"/>
        <line num="33" count="100" type="stmt"/>
        <line num="34" count="100" type="stmt"/>
        <line num="35" count="100" type="stmt"/>
        <line num="38" count="100" type="cond" truecount="4" falsecount="0"/>
        <line num="39" count="1" type="stmt"/>
        <line num="40" count="99" type="cond" truecount="2" falsecount="0"/>
        <line num="41" count="4" type="stmt"/>
        <line num="42" count="95" type="cond" truecount="2" falsecount="0"/>
        <line num="43" count="6" type="stmt"/>
        <line num="44" count="89" type="cond" truecount="2" falsecount="0"/>
        <line num="47" count="45" type="stmt"/>
        <line num="48" count="44" type="cond" truecount="2" falsecount="0"/>
        <line num="51" count="8" type="stmt"/>
        <line num="52" count="36" type="cond" truecount="2" falsecount="0"/>
        <line num="55" count="6" type="cond" truecount="4" falsecount="0"/>
        <line num="59" count="30" type="stmt"/>
        <line num="69" count="100" type="cond" truecount="2" falsecount="0"/>
        <line num="70" count="80" type="stmt"/>
        <line num="73" count="7" type="stmt"/>
      </file>
    </package>
    <package name="tests">
      <metrics statements="2" coveredstatements="2" conditionals="0" coveredconditionals="0" methods="0" coveredmethods="0"/>
      <file name="obsidan-types.ts" path="C:\Users\thumb\Documents\projects\typescript\utils\tests\obsidan-types.ts">
        <metrics statements="2" coveredstatements="2" conditionals="0" coveredconditionals="0" methods="0" coveredmethods="0"/>
        <line num="3" count="1" type="stmt"/>
        <line num="19" count="1" type="stmt"/>
      </file>
    </package>
  </project>
</coverage>
