{"C:\\Users\\thumb\\Documents\\projects\\typescript\\utils\\src\\console.ts": {"path":"C:\\Users\\thumb\\Documents\\projects\\typescript\\utils\\src\\console.ts","statementMap":{"0":{"start":{"line":11,"column":22},"end":{"line":11,"column":null}},"1":{"start":{"line":12,"column":20},"end":{"line":12,"column":null}},"2":{"start":{"line":13,"column":21},"end":{"line":13,"column":null}},"3":{"start":{"line":14,"column":21},"end":{"line":14,"column":null}},"4":{"start":{"line":18,"column":0},"end":{"line":20,"column":null}},"5":{"start":{"line":19,"column":4},"end":{"line":19,"column":null}},"6":{"start":{"line":22,"column":0},"end":{"line":24,"column":null}},"7":{"start":{"line":23,"column":4},"end":{"line":23,"column":null}},"8":{"start":{"line":26,"column":0},"end":{"line":28,"column":null}},"9":{"start":{"line":27,"column":4},"end":{"line":27,"column":null}},"10":{"start":{"line":30,"column":0},"end":{"line":32,"column":null}},"11":{"start":{"line":31,"column":4},"end":{"line":31,"column":null}},"12":{"start":{"line":34,"column":0},"end":{"line":36,"column":null}},"13":{"start":{"line":35,"column":4},"end":{"line":35,"column":null}},"14":{"start":{"line":38,"column":0},"end":{"line":40,"column":null}},"15":{"start":{"line":39,"column":4},"end":{"line":39,"column":null}},"16":{"start":{"line":61,"column":33},"end":{"line":61,"column":null}}},"fnMap":{"0":{"name":"(anonymous_0)","decl":{"start":{"line":18,"column":16},"end":{"line":18,"column":29}},"loc":{"start":{"line":18,"column":48},"end":{"line":20,"column":null}},"line":18},"1":{"name":"(anonymous_1)","decl":{"start":{"line":22,"column":14},"end":{"line":22,"column":27}},"loc":{"start":{"line":22,"column":46},"end":{"line":24,"column":null}},"line":22},"2":{"name":"(anonymous_2)","decl":{"start":{"line":26,"column":15},"end":{"line":26,"column":28}},"loc":{"start":{"line":26,"column":47},"end":{"line":28,"column":null}},"line":26},"3":{"name":"(anonymous_3)","decl":{"start":{"line":30,"column":15},"end":{"line":30,"column":28}},"loc":{"start":{"line":30,"column":47},"end":{"line":32,"column":null}},"line":30},"4":{"name":"(anonymous_4)","decl":{"start":{"line":34,"column":18},"end":{"line":34,"column":31}},"loc":{"start":{"line":34,"column":50},"end":{"line":36,"column":null}},"line":34},"5":{"name":"(anonymous_5)","decl":{"start":{"line":38,"column":21},"end":{"line":38,"column":31}},"loc":{"start":{"line":38,"column":51},"end":{"line":40,"column":null}},"line":38}},"branchMap":{},"s":{"0":4,"1":4,"2":4,"3":4,"4":4,"5":0,"6":4,"7":0,"8":4,"9":0,"10":4,"11":0,"12":4,"13":0,"14":4,"15":0,"16":4},"f":{"0":0,"1":0,"2":0,"3":0,"4":0,"5":0},"b":{},"meta":{"lastBranch":0,"lastFunction":6,"lastStatement":17,"seen":{"s:11:22:11:Infinity":0,"s:12:20:12:Infinity":1,"s:13:21:13:Infinity":2,"s:14:21:14:Infinity":3,"s:18:0:20:Infinity":4,"f:18:16:18:29":0,"s:19:4:19:Infinity":5,"s:22:0:24:Infinity":6,"f:22:14:22:27":1,"s:23:4:23:Infinity":7,"s:26:0:28:Infinity":8,"f:26:15:26:28":2,"s:27:4:27:Infinity":9,"s:30:0:32:Infinity":10,"f:30:15:30:28":3,"s:31:4:31:Infinity":11,"s:34:0:36:Infinity":12,"f:34:18:34:31":4,"s:35:4:35:Infinity":13,"s:38:0:40:Infinity":14,"f:38:21:38:31":5,"s:39:4:39:Infinity":15,"s:61:33:61:Infinity":16}}}
,"C:\\Users\\thumb\\Documents\\projects\\typescript\\utils\\src\\date.ts": {"path":"C:\\Users\\thumb\\Documents\\projects\\typescript\\utils\\src\\date.ts","statementMap":{"0":{"start":{"line":7,"column":45},"end":{"line":50,"column":null}},"1":{"start":{"line":11,"column":28},"end":{"line":11,"column":null}},"2":{"start":{"line":12,"column":28},"end":{"line":12,"column":null}},"3":{"start":{"line":15,"column":19},"end":{"line":15,"column":null}},"4":{"start":{"line":17,"column":4},"end":{"line":47,"column":null}},"5":{"start":{"line":19,"column":8},"end":{"line":46,"column":null}},"6":{"start":{"line":21,"column":12},"end":{"line":45,"column":null}},"7":{"start":{"line":22,"column":16},"end":{"line":44,"column":null}},"8":{"start":{"line":24,"column":39},"end":{"line":26,"column":null}},"9":{"start":{"line":29,"column":38},"end":{"line":29,"column":null}},"10":{"start":{"line":32,"column":20},"end":{"line":34,"column":null}},"11":{"start":{"line":33,"column":24},"end":{"line":33,"column":null}},"12":{"start":{"line":37,"column":21},"end":{"line":37,"column":null}},"13":{"start":{"line":39,"column":20},"end":{"line":42,"column":null}},"14":{"start":{"line":49,"column":4},"end":{"line":49,"column":null}},"15":{"start":{"line":62,"column":45},"end":{"line":67,"column":null}},"16":{"start":{"line":63,"column":17},"end":{"line":63,"column":null}},"17":{"start":{"line":64,"column":18},"end":{"line":64,"column":null}},"18":{"start":{"line":65,"column":16},"end":{"line":65,"column":null}},"19":{"start":{"line":66,"column":4},"end":{"line":66,"column":null}},"20":{"start":{"line":84,"column":45},"end":{"line":138,"column":null}},"21":{"start":{"line":86,"column":4},"end":{"line":88,"column":null}},"22":{"start":{"line":87,"column":8},"end":{"line":87,"column":null}},"23":{"start":{"line":91,"column":20},"end":{"line":91,"column":null}},"24":{"start":{"line":94,"column":24},"end":{"line":94,"column":null}},"25":{"start":{"line":95,"column":4},"end":{"line":99,"column":null}},"26":{"start":{"line":96,"column":8},"end":{"line":98,"column":null}},"27":{"start":{"line":102,"column":40},"end":{"line":102,"column":null}},"28":{"start":{"line":103,"column":17},"end":{"line":103,"column":null}},"29":{"start":{"line":104,"column":18},"end":{"line":104,"column":null}},"30":{"start":{"line":105,"column":16},"end":{"line":105,"column":null}},"31":{"start":{"line":108,"column":4},"end":{"line":112,"column":null}},"32":{"start":{"line":109,"column":8},"end":{"line":111,"column":null}},"33":{"start":{"line":114,"column":4},"end":{"line":116,"column":null}},"34":{"start":{"line":115,"column":8},"end":{"line":115,"column":null}},"35":{"start":{"line":119,"column":17},"end":{"line":119,"column":null}},"36":{"start":{"line":122,"column":4},"end":{"line":124,"column":null}},"37":{"start":{"line":123,"column":8},"end":{"line":123,"column":null}},"38":{"start":{"line":127,"column":23},"end":{"line":127,"column":null}},"39":{"start":{"line":128,"column":24},"end":{"line":128,"column":null}},"40":{"start":{"line":129,"column":22},"end":{"line":129,"column":null}},"41":{"start":{"line":131,"column":4},"end":{"line":135,"column":null}},"42":{"start":{"line":132,"column":8},"end":{"line":134,"column":null}},"43":{"start":{"line":137,"column":4},"end":{"line":137,"column":null}}},"fnMap":{"0":{"name":"(anonymous_0)","decl":{"start":{"line":7,"column":45},"end":{"line":7,"column":null}},"loc":{"start":{"line":9,"column":8},"end":{"line":50,"column":null}},"line":9},"1":{"name":"(anonymous_1)","decl":{"start":{"line":62,"column":45},"end":{"line":62,"column":46}},"loc":{"start":{"line":62,"column":69},"end":{"line":67,"column":null}},"line":62},"2":{"name":"(anonymous_2)","decl":{"start":{"line":84,"column":45},"end":{"line":84,"column":46}},"loc":{"start":{"line":84,"column":75},"end":{"line":138,"column":null}},"line":84}},"branchMap":{"0":{"loc":{"start":{"line":19,"column":8},"end":{"line":46,"column":null}},"type":"if","locations":[{"start":{"line":19,"column":8},"end":{"line":46,"column":null}},{"start":{},"end":{}}],"line":19},"1":{"loc":{"start":{"line":21,"column":12},"end":{"line":45,"column":null}},"type":"if","locations":[{"start":{"line":21,"column":12},"end":{"line":45,"column":null}},{"start":{},"end":{}}],"line":21},"2":{"loc":{"start":{"line":21,"column":16},"end":{"line":21,"column":76}},"type":"binary-expr","locations":[{"start":{"line":21,"column":16},"end":{"line":21,"column":47}},{"start":{"line":21,"column":47},"end":{"line":21,"column":76}}],"line":21},"3":{"loc":{"start":{"line":24,"column":39},"end":{"line":26,"column":null}},"type":"cond-expr","locations":[{"start":{"line":25,"column":26},"end":{"line":25,"column":null}},{"start":{"line":26,"column":26},"end":{"line":26,"column":null}}],"line":24},"4":{"loc":{"start":{"line":32,"column":20},"end":{"line":34,"column":null}},"type":"if","locations":[{"start":{"line":32,"column":20},"end":{"line":34,"column":null}},{"start":{},"end":{}}],"line":32},"5":{"loc":{"start":{"line":86,"column":4},"end":{"line":88,"column":null}},"type":"if","locations":[{"start":{"line":86,"column":4},"end":{"line":88,"column":null}},{"start":{},"end":{}}],"line":86},"6":{"loc":{"start":{"line":95,"column":4},"end":{"line":99,"column":null}},"type":"if","locations":[{"start":{"line":95,"column":4},"end":{"line":99,"column":null}},{"start":{},"end":{}}],"line":95},"7":{"loc":{"start":{"line":108,"column":4},"end":{"line":112,"column":null}},"type":"if","locations":[{"start":{"line":108,"column":4},"end":{"line":112,"column":null}},{"start":{},"end":{}}],"line":108},"8":{"loc":{"start":{"line":108,"column":8},"end":{"line":108,"column":33}},"type":"binary-expr","locations":[{"start":{"line":108,"column":8},"end":{"line":108,"column":21}},{"start":{"line":108,"column":21},"end":{"line":108,"column":33}}],"line":108},"9":{"loc":{"start":{"line":114,"column":4},"end":{"line":116,"column":null}},"type":"if","locations":[{"start":{"line":114,"column":4},"end":{"line":116,"column":null}},{"start":{},"end":{}}],"line":114},"10":{"loc":{"start":{"line":114,"column":8},"end":{"line":114,"column":29}},"type":"binary-expr","locations":[{"start":{"line":114,"column":8},"end":{"line":114,"column":19}},{"start":{"line":114,"column":19},"end":{"line":114,"column":29}}],"line":114},"11":{"loc":{"start":{"line":122,"column":4},"end":{"line":124,"column":null}},"type":"if","locations":[{"start":{"line":122,"column":4},"end":{"line":124,"column":null}},{"start":{},"end":{}}],"line":122},"12":{"loc":{"start":{"line":131,"column":4},"end":{"line":135,"column":null}},"type":"if","locations":[{"start":{"line":131,"column":4},"end":{"line":135,"column":null}},{"start":{},"end":{}}],"line":131},"13":{"loc":{"start":{"line":131,"column":8},"end":{"line":131,"column":75}},"type":"binary-expr","locations":[{"start":{"line":131,"column":8},"end":{"line":131,"column":31}},{"start":{"line":131,"column":31},"end":{"line":131,"column":56}},{"start":{"line":131,"column":56},"end":{"line":131,"column":75}}],"line":131}},"s":{"0":4,"1":10,"2":10,"3":10,"4":10,"5":24,"6":16,"7":6,"8":6,"9":6,"10":6,"11":1,"12":5,"13":1,"14":10,"15":4,"16":8,"17":8,"18":8,"19":8,"20":4,"21":17,"22":2,"23":15,"24":15,"25":15,"26":3,"27":12,"28":12,"29":12,"30":12,"31":12,"32":2,"33":10,"34":2,"35":8,"36":8,"37":0,"38":8,"39":8,"40":8,"41":8,"42":3,"43":5},"f":{"0":10,"1":8,"2":17},"b":{"0":[16,8],"1":[6,10],"2":[16,12],"3":[4,2],"4":[1,5],"5":[2,15],"6":[3,12],"7":[2,10],"8":[12,11],"9":[2,8],"10":[10,9],"11":[0,8],"12":[3,5],"13":[8,8,5]},"meta":{"lastBranch":14,"lastFunction":3,"lastStatement":44,"seen":{"s:7:45:50:Infinity":0,"f:7:45:7:Infinity":0,"s:11:28:11:Infinity":1,"s:12:28:12:Infinity":2,"s:15:19:15:Infinity":3,"s:17:4:47:Infinity":4,"b:19:8:46:Infinity:undefined:undefined:undefined:undefined":0,"s:19:8:46:Infinity":5,"b:21:12:45:Infinity:undefined:undefined:undefined:undefined":1,"s:21:12:45:Infinity":6,"b:21:16:21:47:21:47:21:76":2,"s:22:16:44:Infinity":7,"s:24:39:26:Infinity":8,"b:25:26:25:Infinity:26:26:26:Infinity":3,"s:29:38:29:Infinity":9,"b:32:20:34:Infinity:undefined:undefined:undefined:undefined":4,"s:32:20:34:Infinity":10,"s:33:24:33:Infinity":11,"s:37:21:37:Infinity":12,"s:39:20:42:Infinity":13,"s:49:4:49:Infinity":14,"s:62:45:67:Infinity":15,"f:62:45:62:46":1,"s:63:17:63:Infinity":16,"s:64:18:64:Infinity":17,"s:65:16:65:Infinity":18,"s:66:4:66:Infinity":19,"s:84:45:138:Infinity":20,"f:84:45:84:46":2,"b:86:4:88:Infinity:undefined:undefined:undefined:undefined":5,"s:86:4:88:Infinity":21,"s:87:8:87:Infinity":22,"s:91:20:91:Infinity":23,"s:94:24:94:Infinity":24,"b:95:4:99:Infinity:undefined:undefined:undefined:undefined":6,"s:95:4:99:Infinity":25,"s:96:8:98:Infinity":26,"s:102:40:102:Infinity":27,"s:103:17:103:Infinity":28,"s:104:18:104:Infinity":29,"s:105:16:105:Infinity":30,"b:108:4:112:Infinity:undefined:undefined:undefined:undefined":7,"s:108:4:112:Infinity":31,"b:108:8:108:21:108:21:108:33":8,"s:109:8:111:Infinity":32,"b:114:4:116:Infinity:undefined:undefined:undefined:undefined":9,"s:114:4:116:Infinity":33,"b:114:8:114:19:114:19:114:29":10,"s:115:8:115:Infinity":34,"s:119:17:119:Infinity":35,"b:122:4:124:Infinity:undefined:undefined:undefined:undefined":11,"s:122:4:124:Infinity":36,"s:123:8:123:Infinity":37,"s:127:23:127:Infinity":38,"s:128:24:128:Infinity":39,"s:129:22:129:Infinity":40,"b:131:4:135:Infinity:undefined:undefined:undefined:undefined":12,"s:131:4:135:Infinity":41,"b:131:8:131:31:131:31:131:56:131:56:131:75":13,"s:132:8:134:Infinity":42,"s:137:4:137:Infinity":43}}}
,"C:\\Users\\thumb\\Documents\\projects\\typescript\\utils\\src\\filesystem.ts": {"path":"C:\\Users\\thumb\\Documents\\projects\\typescript\\utils\\src\\filesystem.ts","statementMap":{"0":{"start":{"line":30,"column":4},"end":{"line":35,"column":null}},"1":{"start":{"line":31,"column":8},"end":{"line":31,"column":null}},"2":{"start":{"line":32,"column":8},"end":{"line":32,"column":null}},"3":{"start":{"line":34,"column":8},"end":{"line":34,"column":null}},"4":{"start":{"line":67,"column":4},"end":{"line":74,"column":null}},"5":{"start":{"line":68,"column":8},"end":{"line":73,"column":null}},"6":{"start":{"line":69,"column":12},"end":{"line":69,"column":null}},"7":{"start":{"line":70,"column":12},"end":{"line":70,"column":null}},"8":{"start":{"line":72,"column":12},"end":{"line":72,"column":null}},"9":{"start":{"line":76,"column":4},"end":{"line":76,"column":null}},"10":{"start":{"line":88,"column":29},"end":{"line":107,"column":null}},"11":{"start":{"line":91,"column":4},"end":{"line":106,"column":null}},"12":{"start":{"line":93,"column":8},"end":{"line":96,"column":null}},"13":{"start":{"line":94,"column":12},"end":{"line":94,"column":null}},"14":{"start":{"line":95,"column":12},"end":{"line":95,"column":null}},"15":{"start":{"line":99,"column":39},"end":{"line":101,"column":null}},"16":{"start":{"line":102,"column":8},"end":{"line":102,"column":null}},"17":{"start":{"line":104,"column":8},"end":{"line":104,"column":null}},"18":{"start":{"line":105,"column":8},"end":{"line":105,"column":null}},"19":{"start":{"line":118,"column":32},"end":{"line":158,"column":null}},"20":{"start":{"line":121,"column":4},"end":{"line":157,"column":null}},"21":{"start":{"line":123,"column":8},"end":{"line":126,"column":null}},"22":{"start":{"line":124,"column":12},"end":{"line":124,"column":null}},"23":{"start":{"line":125,"column":12},"end":{"line":125,"column":null}},"24":{"start":{"line":128,"column":27},"end":{"line":128,"column":null}},"25":{"start":{"line":131,"column":24},"end":{"line":133,"column":null}},"26":{"start":{"line":135,"column":8},"end":{"line":151,"column":null}},"27":{"start":{"line":137,"column":12},"end":{"line":150,"column":null}},"28":{"start":{"line":138,"column":33},"end":{"line":141,"column":null}},"29":{"start":{"line":142,"column":35},"end":{"line":142,"column":null}},"30":{"start":{"line":144,"column":16},"end":{"line":146,"column":null}},"31":{"start":{"line":145,"column":20},"end":{"line":145,"column":null}},"32":{"start":{"line":145,"column":53},"end":{"line":145,"column":77}},"33":{"start":{"line":147,"column":12},"end":{"line":150,"column":null}},"34":{"start":{"line":149,"column":16},"end":{"line":149,"column":null}},"35":{"start":{"line":153,"column":8},"end":{"line":153,"column":null}},"36":{"start":{"line":155,"column":8},"end":{"line":155,"column":null}},"37":{"start":{"line":156,"column":8},"end":{"line":156,"column":null}},"38":{"start":{"line":167,"column":31},"end":{"line":178,"column":null}},"39":{"start":{"line":168,"column":4},"end":{"line":170,"column":null}},"40":{"start":{"line":169,"column":8},"end":{"line":169,"column":null}},"41":{"start":{"line":172,"column":25},"end":{"line":175,"column":null}},"42":{"start":{"line":177,"column":4},"end":{"line":177,"column":null}},"43":{"start":{"line":192,"column":4},"end":{"line":194,"column":null}},"44":{"start":{"line":193,"column":8},"end":{"line":193,"column":null}},"45":{"start":{"line":195,"column":22},"end":{"line":195,"column":null}},"46":{"start":{"line":198,"column":22},"end":{"line":198,"column":null}},"47":{"start":{"line":199,"column":4},"end":{"line":204,"column":null}},"48":{"start":{"line":200,"column":8},"end":{"line":202,"column":null}},"49":{"start":{"line":201,"column":12},"end":{"line":201,"column":null}},"50":{"start":{"line":203,"column":8},"end":{"line":203,"column":null}},"51":{"start":{"line":205,"column":4},"end":{"line":205,"column":null}},"52":{"start":{"line":253,"column":24},"end":{"line":253,"column":null}},"53":{"start":{"line":255,"column":21},"end":{"line":255,"column":null}},"54":{"start":{"line":257,"column":21},"end":{"line":257,"column":null}},"55":{"start":{"line":259,"column":4},"end":{"line":261,"column":null}},"56":{"start":{"line":260,"column":8},"end":{"line":260,"column":null}},"57":{"start":{"line":263,"column":4},"end":{"line":265,"column":null}},"58":{"start":{"line":264,"column":8},"end":{"line":264,"column":null}},"59":{"start":{"line":267,"column":4},"end":{"line":267,"column":null}},"60":{"start":{"line":383,"column":18},"end":{"line":383,"column":null}},"61":{"start":{"line":385,"column":21},"end":{"line":385,"column":null}},"62":{"start":{"line":386,"column":4},"end":{"line":389,"column":null}},"63":{"start":{"line":387,"column":8},"end":{"line":387,"column":null}},"64":{"start":{"line":388,"column":8},"end":{"line":388,"column":null}},"65":{"start":{"line":390,"column":4},"end":{"line":390,"column":null}},"66":{"start":{"line":429,"column":47},"end":{"line":429,"column":null}},"67":{"start":{"line":431,"column":4},"end":{"line":472,"column":null}},"68":{"start":{"line":433,"column":20},"end":{"line":433,"column":null}},"69":{"start":{"line":434,"column":8},"end":{"line":437,"column":null}},"70":{"start":{"line":435,"column":12},"end":{"line":435,"column":null}},"71":{"start":{"line":436,"column":12},"end":{"line":436,"column":null}},"72":{"start":{"line":439,"column":8},"end":{"line":444,"column":null}},"73":{"start":{"line":440,"column":12},"end":{"line":442,"column":null}},"74":{"start":{"line":443,"column":12},"end":{"line":443,"column":null}},"75":{"start":{"line":446,"column":8},"end":{"line":451,"column":null}},"76":{"start":{"line":447,"column":12},"end":{"line":449,"column":null}},"77":{"start":{"line":450,"column":12},"end":{"line":450,"column":null}},"78":{"start":{"line":453,"column":29},"end":{"line":455,"column":null}},"79":{"start":{"line":458,"column":21},"end":{"line":460,"column":null}},"80":{"start":{"line":463,"column":8},"end":{"line":463,"column":null}},"81":{"start":{"line":466,"column":8},"end":{"line":468,"column":null}},"82":{"start":{"line":467,"column":12},"end":{"line":467,"column":null}},"83":{"start":{"line":470,"column":8},"end":{"line":470,"column":null}},"84":{"start":{"line":471,"column":8},"end":{"line":471,"column":null}},"85":{"start":{"line":483,"column":4},"end":{"line":483,"column":null}}},"fnMap":{"0":{"name":"existsFile","decl":{"start":{"line":29,"column":22},"end":{"line":29,"column":33}},"loc":{"start":{"line":29,"column":69},"end":{"line":36,"column":null}},"line":29},"1":{"name":"deleteFile","decl":{"start":{"line":66,"column":22},"end":{"line":66,"column":33}},"loc":{"start":{"line":66,"column":69},"end":{"line":77,"column":null}},"line":66},"2":{"name":"(anonymous_2)","decl":{"start":{"line":88,"column":29},"end":{"line":88,"column":null}},"loc":{"start":{"line":90,"column":30},"end":{"line":107,"column":null}},"line":90},"3":{"name":"(anonymous_3)","decl":{"start":{"line":118,"column":32},"end":{"line":118,"column":null}},"loc":{"start":{"line":120,"column":30},"end":{"line":158,"column":null}},"line":120},"4":{"name":"(anonymous_4)","decl":{"start":{"line":145,"column":39},"end":{"line":145,"column":40}},"loc":{"start":{"line":145,"column":53},"end":{"line":145,"column":77}},"line":145},"5":{"name":"(anonymous_5)","decl":{"start":{"line":167,"column":31},"end":{"line":167,"column":32}},"loc":{"start":{"line":167,"column":61},"end":{"line":178,"column":null}},"line":167},"6":{"name":"getProjectRoot","decl":{"start":{"line":191,"column":16},"end":{"line":191,"column":31}},"loc":{"start":{"line":191,"column":57},"end":{"line":206,"column":null}},"line":191},"7":{"name":"getAppPath","decl":{"start":{"line":248,"column":16},"end":{"line":248,"column":null}},"loc":{"start":{"line":252,"column":10},"end":{"line":268,"column":null}},"line":252},"8":{"name":"getTruncatedPath","decl":{"start":{"line":379,"column":16},"end":{"line":379,"column":null}},"loc":{"start":{"line":382,"column":10},"end":{"line":391,"column":null}},"line":382},"9":{"name":"writeObjectToFile","decl":{"start":{"line":424,"column":16},"end":{"line":424,"column":null}},"loc":{"start":{"line":428,"column":8},"end":{"line":473,"column":null}},"line":428},"10":{"name":"writeTextFile","decl":{"start":{"line":482,"column":16},"end":{"line":482,"column":30}},"loc":{"start":{"line":482,"column":68},"end":{"line":484,"column":null}},"line":482}},"branchMap":{"0":{"loc":{"start":{"line":67,"column":4},"end":{"line":74,"column":null}},"type":"if","locations":[{"start":{"line":67,"column":4},"end":{"line":74,"column":null}},{"start":{},"end":{}}],"line":67},"1":{"loc":{"start":{"line":93,"column":8},"end":{"line":96,"column":null}},"type":"if","locations":[{"start":{"line":93,"column":8},"end":{"line":96,"column":null}},{"start":{},"end":{}}],"line":93},"2":{"loc":{"start":{"line":123,"column":8},"end":{"line":126,"column":null}},"type":"if","locations":[{"start":{"line":123,"column":8},"end":{"line":126,"column":null}},{"start":{},"end":{}}],"line":123},"3":{"loc":{"start":{"line":137,"column":12},"end":{"line":150,"column":null}},"type":"if","locations":[{"start":{"line":137,"column":12},"end":{"line":150,"column":null}},{"start":{"line":147,"column":12},"end":{"line":150,"column":null}}],"line":137},"4":{"loc":{"start":{"line":139,"column":20},"end":{"line":139,"column":null}},"type":"binary-expr","locations":[{"start":{"line":139,"column":20},"end":{"line":139,"column":40}},{"start":{"line":139,"column":40},"end":{"line":139,"column":null}}],"line":139},"5":{"loc":{"start":{"line":144,"column":16},"end":{"line":146,"column":null}},"type":"if","locations":[{"start":{"line":144,"column":16},"end":{"line":146,"column":null}},{"start":{},"end":{}}],"line":144},"6":{"loc":{"start":{"line":147,"column":12},"end":{"line":150,"column":null}},"type":"if","locations":[{"start":{"line":147,"column":12},"end":{"line":150,"column":null}},{"start":{},"end":{}}],"line":147},"7":{"loc":{"start":{"line":168,"column":4},"end":{"line":170,"column":null}},"type":"if","locations":[{"start":{"line":168,"column":4},"end":{"line":170,"column":null}},{"start":{},"end":{}}],"line":168},"8":{"loc":{"start":{"line":192,"column":4},"end":{"line":194,"column":null}},"type":"if","locations":[{"start":{"line":192,"column":4},"end":{"line":194,"column":null}},{"start":{},"end":{}}],"line":192},"9":{"loc":{"start":{"line":200,"column":8},"end":{"line":202,"column":null}},"type":"if","locations":[{"start":{"line":200,"column":8},"end":{"line":202,"column":null}},{"start":{},"end":{}}],"line":200},"10":{"loc":{"start":{"line":259,"column":4},"end":{"line":261,"column":null}},"type":"if","locations":[{"start":{"line":259,"column":4},"end":{"line":261,"column":null}},{"start":{},"end":{}}],"line":259},"11":{"loc":{"start":{"line":263,"column":4},"end":{"line":265,"column":null}},"type":"if","locations":[{"start":{"line":263,"column":4},"end":{"line":265,"column":null}},{"start":{},"end":{}}],"line":263},"12":{"loc":{"start":{"line":386,"column":4},"end":{"line":389,"column":null}},"type":"if","locations":[{"start":{"line":386,"column":4},"end":{"line":389,"column":null}},{"start":{},"end":{}}],"line":386},"13":{"loc":{"start":{"line":429,"column":12},"end":{"line":429,"column":32}},"type":"default-arg","locations":[{"start":{"line":429,"column":25},"end":{"line":429,"column":32}}],"line":429},"14":{"loc":{"start":{"line":429,"column":32},"end":{"line":429,"column":43}},"type":"default-arg","locations":[{"start":{"line":429,"column":38},"end":{"line":429,"column":43}}],"line":429},"15":{"loc":{"start":{"line":429,"column":47},"end":{"line":429,"column":null}},"type":"binary-expr","locations":[{"start":{"line":429,"column":47},"end":{"line":429,"column":58}},{"start":{"line":429,"column":58},"end":{"line":429,"column":null}}],"line":429},"16":{"loc":{"start":{"line":434,"column":8},"end":{"line":437,"column":null}},"type":"if","locations":[{"start":{"line":434,"column":8},"end":{"line":437,"column":null}},{"start":{},"end":{}}],"line":434},"17":{"loc":{"start":{"line":439,"column":8},"end":{"line":444,"column":null}},"type":"if","locations":[{"start":{"line":439,"column":8},"end":{"line":444,"column":null}},{"start":{},"end":{}}],"line":439},"18":{"loc":{"start":{"line":439,"column":12},"end":{"line":439,"column":63}},"type":"binary-expr","locations":[{"start":{"line":439,"column":12},"end":{"line":439,"column":42}},{"start":{"line":439,"column":42},"end":{"line":439,"column":63}}],"line":439},"19":{"loc":{"start":{"line":446,"column":8},"end":{"line":451,"column":null}},"type":"if","locations":[{"start":{"line":446,"column":8},"end":{"line":451,"column":null}},{"start":{},"end":{}}],"line":446},"20":{"loc":{"start":{"line":446,"column":12},"end":{"line":446,"column":62}},"type":"binary-expr","locations":[{"start":{"line":446,"column":12},"end":{"line":446,"column":40}},{"start":{"line":446,"column":40},"end":{"line":446,"column":62}}],"line":446},"21":{"loc":{"start":{"line":453,"column":29},"end":{"line":455,"column":null}},"type":"cond-expr","locations":[{"start":{"line":454,"column":14},"end":{"line":454,"column":null}},{"start":{"line":455,"column":14},"end":{"line":455,"column":null}}],"line":453},"22":{"loc":{"start":{"line":458,"column":21},"end":{"line":460,"column":null}},"type":"cond-expr","locations":[{"start":{"line":459,"column":14},"end":{"line":459,"column":null}},{"start":{"line":460,"column":14},"end":{"line":460,"column":null}}],"line":458},"23":{"loc":{"start":{"line":466,"column":8},"end":{"line":468,"column":null}},"type":"if","locations":[{"start":{"line":466,"column":8},"end":{"line":468,"column":null}},{"start":{},"end":{}}],"line":466}},"s":{"0":1,"1":1,"2":1,"3":0,"4":1,"5":1,"6":1,"7":1,"8":0,"9":0,"10":4,"11":0,"12":0,"13":0,"14":0,"15":0,"16":0,"17":0,"18":0,"19":4,"20":4,"21":4,"22":0,"23":0,"24":4,"25":4,"26":4,"27":13,"28":0,"29":0,"30":0,"31":0,"32":0,"33":13,"34":13,"35":4,"36":0,"37":0,"38":4,"39":3,"40":1,"41":2,"42":2,"43":9,"44":6,"45":9,"46":9,"47":9,"48":27,"49":9,"50":18,"51":0,"52":7,"53":7,"54":7,"55":7,"56":0,"57":7,"58":1,"59":7,"60":0,"61":0,"62":0,"63":0,"64":0,"65":0,"66":0,"67":0,"68":0,"69":0,"70":0,"71":0,"72":0,"73":0,"74":0,"75":0,"76":0,"77":0,"78":0,"79":0,"80":0,"81":0,"82":0,"83":0,"84":0,"85":3},"f":{"0":1,"1":1,"2":0,"3":4,"4":0,"5":3,"6":9,"7":7,"8":0,"9":0,"10":3},"b":{"0":[1,0],"1":[0,0],"2":[0,4],"3":[0,13],"4":[0,0],"5":[0,0],"6":[13,0],"7":[1,2],"8":[6,3],"9":[9,18],"10":[0,7],"11":[1,6],"12":[0,0],"13":[0],"14":[0],"15":[0,0],"16":[0,0],"17":[0,0],"18":[0,0],"19":[0,0],"20":[0,0],"21":[0,0],"22":[0,0],"23":[0,0]},"meta":{"lastBranch":24,"lastFunction":11,"lastStatement":86,"seen":{"f:29:22:29:33":0,"s:30:4:35:Infinity":0,"s:31:8:31:Infinity":1,"s:32:8:32:Infinity":2,"s:34:8:34:Infinity":3,"f:66:22:66:33":1,"b:67:4:74:Infinity:undefined:undefined:undefined:undefined":0,"s:67:4:74:Infinity":4,"s:68:8:73:Infinity":5,"s:69:12:69:Infinity":6,"s:70:12:70:Infinity":7,"s:72:12:72:Infinity":8,"s:76:4:76:Infinity":9,"s:88:29:107:Infinity":10,"f:88:29:88:Infinity":2,"s:91:4:106:Infinity":11,"b:93:8:96:Infinity:undefined:undefined:undefined:undefined":1,"s:93:8:96:Infinity":12,"s:94:12:94:Infinity":13,"s:95:12:95:Infinity":14,"s:99:39:101:Infinity":15,"s:102:8:102:Infinity":16,"s:104:8:104:Infinity":17,"s:105:8:105:Infinity":18,"s:118:32:158:Infinity":19,"f:118:32:118:Infinity":3,"s:121:4:157:Infinity":20,"b:123:8:126:Infinity:undefined:undefined:undefined:undefined":2,"s:123:8:126:Infinity":21,"s:124:12:124:Infinity":22,"s:125:12:125:Infinity":23,"s:128:27:128:Infinity":24,"s:131:24:133:Infinity":25,"s:135:8:151:Infinity":26,"b:137:12:150:Infinity:147:12:150:Infinity":3,"s:137:12:150:Infinity":27,"s:138:33:141:Infinity":28,"b:139:20:139:40:139:40:139:Infinity":4,"s:142:35:142:Infinity":29,"b:144:16:146:Infinity:undefined:undefined:undefined:undefined":5,"s:144:16:146:Infinity":30,"s:145:20:145:Infinity":31,"f:145:39:145:40":4,"s:145:53:145:77":32,"b:147:12:150:Infinity:undefined:undefined:undefined:undefined":6,"s:147:12:150:Infinity":33,"s:149:16:149:Infinity":34,"s:153:8:153:Infinity":35,"s:155:8:155:Infinity":36,"s:156:8:156:Infinity":37,"s:167:31:178:Infinity":38,"f:167:31:167:32":5,"b:168:4:170:Infinity:undefined:undefined:undefined:undefined":7,"s:168:4:170:Infinity":39,"s:169:8:169:Infinity":40,"s:172:25:175:Infinity":41,"s:177:4:177:Infinity":42,"f:191:16:191:31":6,"b:192:4:194:Infinity:undefined:undefined:undefined:undefined":8,"s:192:4:194:Infinity":43,"s:193:8:193:Infinity":44,"s:195:22:195:Infinity":45,"s:198:22:198:Infinity":46,"s:199:4:204:Infinity":47,"b:200:8:202:Infinity:undefined:undefined:undefined:undefined":9,"s:200:8:202:Infinity":48,"s:201:12:201:Infinity":49,"s:203:8:203:Infinity":50,"s:205:4:205:Infinity":51,"f:248:16:248:Infinity":7,"s:253:24:253:Infinity":52,"s:255:21:255:Infinity":53,"s:257:21:257:Infinity":54,"b:259:4:261:Infinity:undefined:undefined:undefined:undefined":10,"s:259:4:261:Infinity":55,"s:260:8:260:Infinity":56,"b:263:4:265:Infinity:undefined:undefined:undefined:undefined":11,"s:263:4:265:Infinity":57,"s:264:8:264:Infinity":58,"s:267:4:267:Infinity":59,"f:379:16:379:Infinity":8,"s:383:18:383:Infinity":60,"s:385:21:385:Infinity":61,"b:386:4:389:Infinity:undefined:undefined:undefined:undefined":12,"s:386:4:389:Infinity":62,"s:387:8:387:Infinity":63,"s:388:8:388:Infinity":64,"s:390:4:390:Infinity":65,"f:424:16:424:Infinity":9,"s:429:47:429:Infinity":66,"b:429:25:429:32":13,"b:429:38:429:43":14,"b:429:47:429:58:429:58:429:Infinity":15,"s:431:4:472:Infinity":67,"s:433:20:433:Infinity":68,"b:434:8:437:Infinity:undefined:undefined:undefined:undefined":16,"s:434:8:437:Infinity":69,"s:435:12:435:Infinity":70,"s:436:12:436:Infinity":71,"b:439:8:444:Infinity:undefined:undefined:undefined:undefined":17,"s:439:8:444:Infinity":72,"b:439:12:439:42:439:42:439:63":18,"s:440:12:442:Infinity":73,"s:443:12:443:Infinity":74,"b:446:8:451:Infinity:undefined:undefined:undefined:undefined":19,"s:446:8:451:Infinity":75,"b:446:12:446:40:446:40:446:62":20,"s:447:12:449:Infinity":76,"s:450:12:450:Infinity":77,"s:453:29:455:Infinity":78,"b:454:14:454:Infinity:455:14:455:Infinity":21,"s:458:21:460:Infinity":79,"b:459:14:459:Infinity:460:14:460:Infinity":22,"s:463:8:463:Infinity":80,"b:466:8:468:Infinity:undefined:undefined:undefined:undefined":23,"s:466:8:468:Infinity":81,"s:467:12:467:Infinity":82,"s:470:8:470:Infinity":83,"s:471:8:471:Infinity":84,"f:482:16:482:30":10,"s:483:4:483:Infinity":85}}}
,"C:\\Users\\thumb\\Documents\\projects\\typescript\\utils\\src\\markdown.ts": {"path":"C:\\Users\\thumb\\Documents\\projects\\typescript\\utils\\src\\markdown.ts","statementMap":{"0":{"start":{"line":73,"column":10},"end":{"line":73,"column":null}},"1":{"start":{"line":75,"column":30},"end":{"line":86,"column":null}},"2":{"start":{"line":77,"column":33},"end":{"line":77,"column":null}},"3":{"start":{"line":79,"column":35},"end":{"line":79,"column":null}},"4":{"start":{"line":81,"column":12},"end":{"line":84,"column":null}},"5":{"start":{"line":90,"column":4},"end":{"line":90,"column":null}},"6":{"start":{"line":138,"column":39},"end":{"line":138,"column":null}},"7":{"start":{"line":139,"column":16},"end":{"line":139,"column":null}},"8":{"start":{"line":141,"column":21},"end":{"line":141,"column":null}},"9":{"start":{"line":142,"column":21},"end":{"line":142,"column":null}},"10":{"start":{"line":144,"column":4},"end":{"line":164,"column":null}},"11":{"start":{"line":145,"column":23},"end":{"line":145,"column":null}},"12":{"start":{"line":147,"column":8},"end":{"line":163,"column":null}},"13":{"start":{"line":148,"column":33},"end":{"line":148,"column":null}},"14":{"start":{"line":154,"column":12},"end":{"line":160,"column":null}},"15":{"start":{"line":155,"column":16},"end":{"line":159,"column":null}},"16":{"start":{"line":162,"column":12},"end":{"line":162,"column":null}},"17":{"start":{"line":166,"column":4},"end":{"line":170,"column":null}},"18":{"start":{"line":167,"column":8},"end":{"line":169,"column":null}},"19":{"start":{"line":172,"column":4},"end":{"line":176,"column":null}},"20":{"start":{"line":286,"column":33},"end":{"line":353,"column":null}},"21":{"start":{"line":291,"column":4},"end":{"line":352,"column":null}},"22":{"start":{"line":292,"column":32},"end":{"line":292,"column":null}},"23":{"start":{"line":293,"column":26},"end":{"line":293,"column":null}},"24":{"start":{"line":295,"column":43},"end":{"line":295,"column":null}},"25":{"start":{"line":296,"column":39},"end":{"line":296,"column":null}},"26":{"start":{"line":298,"column":40},"end":{"line":298,"column":null}},"27":{"start":{"line":299,"column":28},"end":{"line":299,"column":null}},"28":{"start":{"line":301,"column":8},"end":{"line":320,"column":null}},"29":{"start":{"line":302,"column":12},"end":{"line":310,"column":null}},"30":{"start":{"line":303,"column":16},"end":{"line":303,"column":null}},"31":{"start":{"line":304,"column":16},"end":{"line":308,"column":null}},"32":{"start":{"line":305,"column":20},"end":{"line":305,"column":null}},"33":{"start":{"line":306,"column":16},"end":{"line":308,"column":null}},"34":{"start":{"line":307,"column":20},"end":{"line":307,"column":null}},"35":{"start":{"line":309,"column":16},"end":{"line":309,"column":null}},"36":{"start":{"line":312,"column":12},"end":{"line":319,"column":null}},"37":{"start":{"line":313,"column":16},"end":{"line":313,"column":null}},"38":{"start":{"line":314,"column":12},"end":{"line":319,"column":null}},"39":{"start":{"line":315,"column":16},"end":{"line":315,"column":null}},"40":{"start":{"line":316,"column":12},"end":{"line":319,"column":null}},"41":{"start":{"line":318,"column":16},"end":{"line":318,"column":null}},"42":{"start":{"line":325,"column":35},"end":{"line":325,"column":null}},"43":{"start":{"line":327,"column":31},"end":{"line":327,"column":null}},"44":{"start":{"line":329,"column":8},"end":{"line":343,"column":null}},"45":{"start":{"line":330,"column":12},"end":{"line":342,"column":null}},"46":{"start":{"line":331,"column":31},"end":{"line":331,"column":null}},"47":{"start":{"line":332,"column":16},"end":{"line":335,"column":null}},"48":{"start":{"line":337,"column":16},"end":{"line":340,"column":null}},"49":{"start":{"line":345,"column":8},"end":{"line":349,"column":null}},"50":{"start":{"line":351,"column":8},"end":{"line":351,"column":null}},"51":{"start":{"line":364,"column":33},"end":{"line":409,"column":null}},"52":{"start":{"line":370,"column":4},"end":{"line":408,"column":null}},"53":{"start":{"line":371,"column":30},"end":{"line":371,"column":null}},"54":{"start":{"line":374,"column":8},"end":{"line":389,"column":null}},"55":{"start":{"line":379,"column":32},"end":{"line":384,"column":null}},"56":{"start":{"line":386,"column":12},"end":{"line":386,"column":null}},"57":{"start":{"line":387,"column":12},"end":{"line":387,"column":null}},"58":{"start":{"line":388,"column":12},"end":{"line":388,"column":null}},"59":{"start":{"line":392,"column":8},"end":{"line":398,"column":null}},"60":{"start":{"line":394,"column":12},"end":{"line":396,"column":null}},"61":{"start":{"line":395,"column":16},"end":{"line":395,"column":null}},"62":{"start":{"line":397,"column":12},"end":{"line":397,"column":null}},"63":{"start":{"line":401,"column":8},"end":{"line":401,"column":null}},"64":{"start":{"line":403,"column":8},"end":{"line":403,"column":null}},"65":{"start":{"line":405,"column":8},"end":{"line":407,"column":null}}},"fnMap":{"0":{"name":"getMarkdownObjects","decl":{"start":{"line":70,"column":22},"end":{"line":70,"column":null}},"loc":{"start":{"line":72,"column":36},"end":{"line":91,"column":null}},"line":72},"1":{"name":"(anonymous_1)","decl":{"start":{"line":76,"column":21},"end":{"line":76,"column":28}},"loc":{"start":{"line":76,"column":35},"end":{"line":85,"column":9}},"line":76},"2":{"name":"validateMarkdownObjects","decl":{"start":{"line":133,"column":16},"end":{"line":133,"column":null}},"loc":{"start":{"line":137,"column":30},"end":{"line":177,"column":null}},"line":137},"3":{"name":"(anonymous_3)","decl":{"start":{"line":144,"column":16},"end":{"line":144,"column":23}},"loc":{"start":{"line":144,"column":31},"end":{"line":164,"column":5}},"line":144},"4":{"name":"(anonymous_4)","decl":{"start":{"line":154,"column":40},"end":{"line":154,"column":41}},"loc":{"start":{"line":154,"column":51},"end":{"line":160,"column":13}},"line":154},"5":{"name":"(anonymous_5)","decl":{"start":{"line":286,"column":33},"end":{"line":286,"column":null}},"loc":{"start":{"line":290,"column":33},"end":{"line":353,"column":null}},"line":290},"6":{"name":"(anonymous_6)","decl":{"start":{"line":364,"column":33},"end":{"line":364,"column":null}},"loc":{"start":{"line":369,"column":20},"end":{"line":409,"column":null}},"line":369}},"branchMap":{"0":{"loc":{"start":{"line":73,"column":10},"end":{"line":73,"column":null}},"type":"binary-expr","locations":[{"start":{"line":73,"column":10},"end":{"line":73,"column":62}},{"start":{"line":73,"column":62},"end":{"line":73,"column":null}}],"line":73},"1":{"loc":{"start":{"line":147,"column":8},"end":{"line":163,"column":null}},"type":"if","locations":[{"start":{"line":147,"column":8},"end":{"line":163,"column":null}},{"start":{"line":161,"column":15},"end":{"line":163,"column":null}}],"line":147},"2":{"loc":{"start":{"line":166,"column":4},"end":{"line":170,"column":null}},"type":"if","locations":[{"start":{"line":166,"column":4},"end":{"line":170,"column":null}},{"start":{},"end":{}}],"line":166},"3":{"loc":{"start":{"line":302,"column":12},"end":{"line":310,"column":null}},"type":"if","locations":[{"start":{"line":302,"column":12},"end":{"line":310,"column":null}},{"start":{},"end":{}}],"line":302},"4":{"loc":{"start":{"line":304,"column":16},"end":{"line":308,"column":null}},"type":"if","locations":[{"start":{"line":304,"column":16},"end":{"line":308,"column":null}},{"start":{"line":306,"column":16},"end":{"line":308,"column":null}}],"line":304},"5":{"loc":{"start":{"line":306,"column":16},"end":{"line":308,"column":null}},"type":"if","locations":[{"start":{"line":306,"column":16},"end":{"line":308,"column":null}},{"start":{},"end":{}}],"line":306},"6":{"loc":{"start":{"line":312,"column":12},"end":{"line":319,"column":null}},"type":"if","locations":[{"start":{"line":312,"column":12},"end":{"line":319,"column":null}},{"start":{"line":314,"column":12},"end":{"line":319,"column":null}}],"line":312},"7":{"loc":{"start":{"line":314,"column":12},"end":{"line":319,"column":null}},"type":"if","locations":[{"start":{"line":314,"column":12},"end":{"line":319,"column":null}},{"start":{"line":316,"column":12},"end":{"line":319,"column":null}}],"line":314},"8":{"loc":{"start":{"line":316,"column":12},"end":{"line":319,"column":null}},"type":"if","locations":[{"start":{"line":316,"column":12},"end":{"line":319,"column":null}},{"start":{},"end":{}}],"line":316},"9":{"loc":{"start":{"line":329,"column":8},"end":{"line":343,"column":null}},"type":"if","locations":[{"start":{"line":329,"column":8},"end":{"line":343,"column":null}},{"start":{},"end":{}}],"line":329},"10":{"loc":{"start":{"line":333,"column":20},"end":{"line":335,"column":null}},"type":"cond-expr","locations":[{"start":{"line":334,"column":27},"end":{"line":334,"column":null}},{"start":{"line":335,"column":27},"end":{"line":335,"column":null}}],"line":333},"11":{"loc":{"start":{"line":333,"column":20},"end":{"line":333,"column":null}},"type":"binary-expr","locations":[{"start":{"line":333,"column":20},"end":{"line":333,"column":30}},{"start":{"line":333,"column":30},"end":{"line":333,"column":null}}],"line":333},"12":{"loc":{"start":{"line":374,"column":8},"end":{"line":389,"column":null}},"type":"if","locations":[{"start":{"line":374,"column":8},"end":{"line":389,"column":null}},{"start":{},"end":{}}],"line":374},"13":{"loc":{"start":{"line":375,"column":12},"end":{"line":376,"column":null}},"type":"binary-expr","locations":[{"start":{"line":375,"column":12},"end":{"line":375,"column":null}},{"start":{"line":376,"column":12},"end":{"line":376,"column":null}}],"line":375},"14":{"loc":{"start":{"line":392,"column":8},"end":{"line":398,"column":null}},"type":"if","locations":[{"start":{"line":392,"column":8},"end":{"line":398,"column":null}},{"start":{},"end":{}}],"line":392},"15":{"loc":{"start":{"line":394,"column":12},"end":{"line":396,"column":null}},"type":"if","locations":[{"start":{"line":394,"column":12},"end":{"line":396,"column":null}},{"start":{},"end":{}}],"line":394}},"s":{"0":4,"1":4,"2":13,"3":13,"4":13,"5":4,"6":3,"7":3,"8":3,"9":3,"10":3,"11":9,"12":9,"13":2,"14":2,"15":3,"16":7,"17":3,"18":1,"19":3,"20":1,"21":13,"22":13,"23":13,"24":13,"25":13,"26":13,"27":13,"28":13,"29":1734,"30":26,"31":26,"32":13,"33":13,"34":13,"35":26,"36":1708,"37":120,"38":1588,"39":1588,"40":0,"41":0,"42":13,"43":13,"44":13,"45":13,"46":13,"47":13,"48":0,"49":13,"50":0,"51":1,"52":0,"53":0,"54":0,"55":0,"56":0,"57":0,"58":0,"59":0,"60":0,"61":0,"62":0,"63":0,"64":0,"65":0},"f":{"0":4,"1":13,"2":3,"3":9,"4":3,"5":13,"6":0},"b":{"0":[4,0],"1":[2,7],"2":[1,2],"3":[26,1708],"4":[13,13],"5":[13,0],"6":[120,1588],"7":[1588,0],"8":[0,0],"9":[13,0],"10":[13,0],"11":[13,13],"12":[0,0],"13":[0,0],"14":[0,0],"15":[0,0]},"meta":{"lastBranch":16,"lastFunction":7,"lastStatement":66,"seen":{"f:70:22:70:Infinity":0,"s:73:10:73:Infinity":0,"b:73:10:73:62:73:62:73:Infinity":0,"s:75:30:86:Infinity":1,"f:76:21:76:28":1,"s:77:33:77:Infinity":2,"s:79:35:79:Infinity":3,"s:81:12:84:Infinity":4,"s:90:4:90:Infinity":5,"f:133:16:133:Infinity":2,"s:138:39:138:Infinity":6,"s:139:16:139:Infinity":7,"s:141:21:141:Infinity":8,"s:142:21:142:Infinity":9,"s:144:4:164:Infinity":10,"f:144:16:144:23":3,"s:145:23:145:Infinity":11,"b:147:8:163:Infinity:161:15:163:Infinity":1,"s:147:8:163:Infinity":12,"s:148:33:148:Infinity":13,"s:154:12:160:Infinity":14,"f:154:40:154:41":4,"s:155:16:159:Infinity":15,"s:162:12:162:Infinity":16,"b:166:4:170:Infinity:undefined:undefined:undefined:undefined":2,"s:166:4:170:Infinity":17,"s:167:8:169:Infinity":18,"s:172:4:176:Infinity":19,"s:286:33:353:Infinity":20,"f:286:33:286:Infinity":5,"s:291:4:352:Infinity":21,"s:292:32:292:Infinity":22,"s:293:26:293:Infinity":23,"s:295:43:295:Infinity":24,"s:296:39:296:Infinity":25,"s:298:40:298:Infinity":26,"s:299:28:299:Infinity":27,"s:301:8:320:Infinity":28,"b:302:12:310:Infinity:undefined:undefined:undefined:undefined":3,"s:302:12:310:Infinity":29,"s:303:16:303:Infinity":30,"b:304:16:308:Infinity:306:16:308:Infinity":4,"s:304:16:308:Infinity":31,"s:305:20:305:Infinity":32,"b:306:16:308:Infinity:undefined:undefined:undefined:undefined":5,"s:306:16:308:Infinity":33,"s:307:20:307:Infinity":34,"s:309:16:309:Infinity":35,"b:312:12:319:Infinity:314:12:319:Infinity":6,"s:312:12:319:Infinity":36,"s:313:16:313:Infinity":37,"b:314:12:319:Infinity:316:12:319:Infinity":7,"s:314:12:319:Infinity":38,"s:315:16:315:Infinity":39,"b:316:12:319:Infinity:undefined:undefined:undefined:undefined":8,"s:316:12:319:Infinity":40,"s:318:16:318:Infinity":41,"s:325:35:325:Infinity":42,"s:327:31:327:Infinity":43,"b:329:8:343:Infinity:undefined:undefined:undefined:undefined":9,"s:329:8:343:Infinity":44,"s:330:12:342:Infinity":45,"s:331:31:331:Infinity":46,"s:332:16:335:Infinity":47,"b:334:27:334:Infinity:335:27:335:Infinity":10,"b:333:20:333:30:333:30:333:Infinity":11,"s:337:16:340:Infinity":48,"s:345:8:349:Infinity":49,"s:351:8:351:Infinity":50,"s:364:33:409:Infinity":51,"f:364:33:364:Infinity":6,"s:370:4:408:Infinity":52,"s:371:30:371:Infinity":53,"b:374:8:389:Infinity:undefined:undefined:undefined:undefined":12,"s:374:8:389:Infinity":54,"b:375:12:375:Infinity:376:12:376:Infinity":13,"s:379:32:384:Infinity":55,"s:386:12:386:Infinity":56,"s:387:12:387:Infinity":57,"s:388:12:388:Infinity":58,"b:392:8:398:Infinity:undefined:undefined:undefined:undefined":14,"s:392:8:398:Infinity":59,"b:394:12:396:Infinity:undefined:undefined:undefined:undefined":15,"s:394:12:396:Infinity":60,"s:395:16:395:Infinity":61,"s:397:12:397:Infinity":62,"s:401:8:401:Infinity":63,"s:403:8:403:Infinity":64,"s:405:8:407:Infinity":65}}}
,"C:\\Users\\thumb\\Documents\\projects\\typescript\\utils\\src\\math.ts": {"path":"C:\\Users\\thumb\\Documents\\projects\\typescript\\utils\\src\\math.ts","statementMap":{"0":{"start":{"line":24,"column":35},"end":{"line":32,"column":null}},"1":{"start":{"line":28,"column":4},"end":{"line":31,"column":null}}},"fnMap":{"0":{"name":"(anonymous_0)","decl":{"start":{"line":24,"column":35},"end":{"line":24,"column":null}},"loc":{"start":{"line":27,"column":13},"end":{"line":32,"column":null}},"line":27}},"branchMap":{},"s":{"0":1,"1":10},"f":{"0":10},"b":{},"meta":{"lastBranch":0,"lastFunction":1,"lastStatement":2,"seen":{"s:24:35:32:Infinity":0,"f:24:35:24:Infinity":0,"s:28:4:31:Infinity":1}}}
,"C:\\Users\\thumb\\Documents\\projects\\typescript\\utils\\src\\objects.ts": {"path":"C:\\Users\\thumb\\Documents\\projects\\typescript\\utils\\src\\objects.ts","statementMap":{"0":{"start":{"line":45,"column":4},"end":{"line":47,"column":null}},"1":{"start":{"line":46,"column":6},"end":{"line":46,"column":null}},"2":{"start":{"line":48,"column":4},"end":{"line":50,"column":null}},"3":{"start":{"line":49,"column":6},"end":{"line":49,"column":null}},"4":{"start":{"line":54,"column":4},"end":{"line":54,"column":null}},"5":{"start":{"line":55,"column":4},"end":{"line":55,"column":null}},"6":{"start":{"line":56,"column":4},"end":{"line":56,"column":null}},"7":{"start":{"line":57,"column":4},"end":{"line":57,"column":null}},"8":{"start":{"line":67,"column":4},"end":{"line":67,"column":null}},"9":{"start":{"line":77,"column":4},"end":{"line":77,"column":null}},"10":{"start":{"line":87,"column":4},"end":{"line":87,"column":null}},"11":{"start":{"line":99,"column":4},"end":{"line":103,"column":null}},"12":{"start":{"line":100,"column":6},"end":{"line":102,"column":null}},"13":{"start":{"line":105,"column":23},"end":{"line":105,"column":null}},"14":{"start":{"line":106,"column":4},"end":{"line":108,"column":null}},"15":{"start":{"line":107,"column":6},"end":{"line":107,"column":null}},"16":{"start":{"line":109,"column":4},"end":{"line":109,"column":null}},"17":{"start":{"line":129,"column":4},"end":{"line":133,"column":null}},"18":{"start":{"line":130,"column":6},"end":{"line":132,"column":null}},"19":{"start":{"line":135,"column":25},"end":{"line":135,"column":null}},"20":{"start":{"line":136,"column":31},"end":{"line":136,"column":null}},"21":{"start":{"line":138,"column":4},"end":{"line":148,"column":null}},"22":{"start":{"line":160,"column":4},"end":{"line":164,"column":null}},"23":{"start":{"line":161,"column":6},"end":{"line":163,"column":null}},"24":{"start":{"line":165,"column":4},"end":{"line":167,"column":null}},"25":{"start":{"line":166,"column":6},"end":{"line":166,"column":null}},"26":{"start":{"line":169,"column":18},"end":{"line":169,"column":null}},"27":{"start":{"line":170,"column":16},"end":{"line":170,"column":null}},"28":{"start":{"line":172,"column":4},"end":{"line":172,"column":null}},"29":{"start":{"line":172,"column":61},"end":{"line":172,"column":70}},"30":{"start":{"line":182,"column":4},"end":{"line":184,"column":null}},"31":{"start":{"line":183,"column":6},"end":{"line":183,"column":null}},"32":{"start":{"line":193,"column":4},"end":{"line":198,"column":null}},"33":{"start":{"line":210,"column":4},"end":{"line":214,"column":null}},"34":{"start":{"line":226,"column":4},"end":{"line":226,"column":null}},"35":{"start":{"line":226,"column":20},"end":{"line":226,"column":null}},"36":{"start":{"line":227,"column":4},"end":{"line":227,"column":null}},"37":{"start":{"line":239,"column":17},"end":{"line":239,"column":null}},"38":{"start":{"line":240,"column":4},"end":{"line":243,"column":null}}},"fnMap":{"0":{"name":"(anonymous_0)","decl":{"start":{"line":44,"column":2},"end":{"line":44,"column":14}},"loc":{"start":{"line":44,"column":42},"end":{"line":58,"column":null}},"line":44},"1":{"name":"(anonymous_1)","decl":{"start":{"line":66,"column":2},"end":{"line":66,"column":14}},"loc":{"start":{"line":66,"column":43},"end":{"line":68,"column":null}},"line":66},"2":{"name":"(anonymous_2)","decl":{"start":{"line":76,"column":2},"end":{"line":76,"column":14}},"loc":{"start":{"line":76,"column":43},"end":{"line":78,"column":null}},"line":76},"3":{"name":"(anonymous_3)","decl":{"start":{"line":86,"column":2},"end":{"line":86,"column":14}},"loc":{"start":{"line":86,"column":43},"end":{"line":88,"column":null}},"line":86},"4":{"name":"(anonymous_4)","decl":{"start":{"line":98,"column":2},"end":{"line":98,"column":25}},"loc":{"start":{"line":98,"column":45},"end":{"line":110,"column":null}},"line":98},"5":{"name":"(anonymous_5)","decl":{"start":{"line":128,"column":2},"end":{"line":128,"column":17}},"loc":{"start":{"line":128,"column":37},"end":{"line":149,"column":null}},"line":128},"6":{"name":"(anonymous_6)","decl":{"start":{"line":159,"column":2},"end":{"line":159,"column":15}},"loc":{"start":{"line":159,"column":65},"end":{"line":173,"column":null}},"line":159},"7":{"name":"(anonymous_7)","decl":{"start":{"line":172,"column":51},"end":{"line":172,"column":52}},"loc":{"start":{"line":172,"column":61},"end":{"line":172,"column":70}},"line":172},"8":{"name":"(anonymous_8)","decl":{"start":{"line":181,"column":2},"end":{"line":181,"column":16}},"loc":{"start":{"line":181,"column":16},"end":{"line":185,"column":null}},"line":181},"9":{"name":"(anonymous_9)","decl":{"start":{"line":182,"column":51},"end":{"line":182,"column":52}},"loc":{"start":{"line":183,"column":6},"end":{"line":183,"column":null}},"line":183},"10":{"name":"(anonymous_10)","decl":{"start":{"line":192,"column":2},"end":{"line":192,"column":16}},"loc":{"start":{"line":192,"column":16},"end":{"line":199,"column":null}},"line":192},"11":{"name":"(anonymous_11)","decl":{"start":{"line":209,"column":2},"end":{"line":209,"column":22}},"loc":{"start":{"line":209,"column":49},"end":{"line":215,"column":null}},"line":209},"12":{"name":"(anonymous_12)","decl":{"start":{"line":225,"column":2},"end":{"line":225,"column":17}},"loc":{"start":{"line":225,"column":57},"end":{"line":228,"column":null}},"line":225},"13":{"name":"(anonymous_13)","decl":{"start":{"line":238,"column":2},"end":{"line":238,"column":26}},"loc":{"start":{"line":238,"column":64},"end":{"line":244,"column":null}},"line":238}},"branchMap":{"0":{"loc":{"start":{"line":45,"column":4},"end":{"line":47,"column":null}},"type":"if","locations":[{"start":{"line":45,"column":4},"end":{"line":47,"column":null}},{"start":{},"end":{}}],"line":45},"1":{"loc":{"start":{"line":48,"column":4},"end":{"line":50,"column":null}},"type":"if","locations":[{"start":{"line":48,"column":4},"end":{"line":50,"column":null}},{"start":{},"end":{}}],"line":48},"2":{"loc":{"start":{"line":48,"column":8},"end":{"line":48,"column":54}},"type":"binary-expr","locations":[{"start":{"line":48,"column":8},"end":{"line":48,"column":25}},{"start":{"line":48,"column":25},"end":{"line":48,"column":54}}],"line":48},"3":{"loc":{"start":{"line":67,"column":11},"end":{"line":67,"column":null}},"type":"binary-expr","locations":[{"start":{"line":67,"column":11},"end":{"line":67,"column":30}},{"start":{"line":67,"column":30},"end":{"line":67,"column":null}}],"line":67},"4":{"loc":{"start":{"line":99,"column":4},"end":{"line":103,"column":null}},"type":"if","locations":[{"start":{"line":99,"column":4},"end":{"line":103,"column":null}},{"start":{},"end":{}}],"line":99},"5":{"loc":{"start":{"line":106,"column":4},"end":{"line":108,"column":null}},"type":"if","locations":[{"start":{"line":106,"column":4},"end":{"line":108,"column":null}},{"start":{},"end":{}}],"line":106},"6":{"loc":{"start":{"line":129,"column":4},"end":{"line":133,"column":null}},"type":"if","locations":[{"start":{"line":129,"column":4},"end":{"line":133,"column":null}},{"start":{},"end":{}}],"line":129},"7":{"loc":{"start":{"line":159,"column":36},"end":{"line":159,"column":65}},"type":"default-arg","locations":[{"start":{"line":159,"column":52},"end":{"line":159,"column":65}}],"line":159},"8":{"loc":{"start":{"line":160,"column":4},"end":{"line":164,"column":null}},"type":"if","locations":[{"start":{"line":160,"column":4},"end":{"line":164,"column":null}},{"start":{},"end":{}}],"line":160},"9":{"loc":{"start":{"line":165,"column":4},"end":{"line":167,"column":null}},"type":"if","locations":[{"start":{"line":165,"column":4},"end":{"line":167,"column":null}},{"start":{},"end":{}}],"line":165},"10":{"loc":{"start":{"line":165,"column":8},"end":{"line":165,"column":47}},"type":"binary-expr","locations":[{"start":{"line":165,"column":8},"end":{"line":165,"column":21}},{"start":{"line":165,"column":21},"end":{"line":165,"column":47}}],"line":165},"11":{"loc":{"start":{"line":211,"column":16},"end":{"line":211,"column":null}},"type":"cond-expr","locations":[{"start":{"line":211,"column":46},"end":{"line":211,"column":51}},{"start":{"line":211,"column":51},"end":{"line":211,"column":null}}],"line":211},"12":{"loc":{"start":{"line":213,"column":8},"end":{"line":213,"column":null}},"type":"cond-expr","locations":[{"start":{"line":213,"column":50},"end":{"line":213,"column":55}},{"start":{"line":213,"column":55},"end":{"line":213,"column":null}}],"line":213},"13":{"loc":{"start":{"line":226,"column":4},"end":{"line":226,"column":null}},"type":"if","locations":[{"start":{"line":226,"column":4},"end":{"line":226,"column":null}},{"start":{},"end":{}}],"line":226}},"s":{"0":20,"1":2,"2":18,"3":4,"4":14,"5":14,"6":14,"7":14,"8":33,"9":3,"10":3,"11":8,"12":0,"13":8,"14":8,"15":2,"16":8,"17":11,"18":3,"19":8,"20":8,"21":8,"22":8,"23":2,"24":6,"25":2,"26":4,"27":4,"28":4,"29":14,"30":2,"31":3,"32":3,"33":8,"34":14,"35":3,"36":11,"37":8,"38":8},"f":{"0":20,"1":33,"2":3,"3":3,"4":8,"5":11,"6":8,"7":14,"8":2,"9":3,"10":3,"11":8,"12":14,"13":8},"b":{"0":[2,18],"1":[4,14],"2":[18,15],"3":[33,28],"4":[0,8],"5":[2,6],"6":[3,8],"7":[8],"8":[2,6],"9":[2,4],"10":[6,5],"11":[4,4],"12":[2,6],"13":[3,11]},"meta":{"lastBranch":14,"lastFunction":14,"lastStatement":39,"seen":{"f:44:2:44:14":0,"b:45:4:47:Infinity:undefined:undefined:undefined:undefined":0,"s:45:4:47:Infinity":0,"s:46:6:46:Infinity":1,"b:48:4:50:Infinity:undefined:undefined:undefined:undefined":1,"s:48:4:50:Infinity":2,"b:48:8:48:25:48:25:48:54":2,"s:49:6:49:Infinity":3,"s:54:4:54:Infinity":4,"s:55:4:55:Infinity":5,"s:56:4:56:Infinity":6,"s:57:4:57:Infinity":7,"f:66:2:66:14":1,"s:67:4:67:Infinity":8,"b:67:11:67:30:67:30:67:Infinity":3,"f:76:2:76:14":2,"s:77:4:77:Infinity":9,"f:86:2:86:14":3,"s:87:4:87:Infinity":10,"f:98:2:98:25":4,"b:99:4:103:Infinity:undefined:undefined:undefined:undefined":4,"s:99:4:103:Infinity":11,"s:100:6:102:Infinity":12,"s:105:23:105:Infinity":13,"b:106:4:108:Infinity:undefined:undefined:undefined:undefined":5,"s:106:4:108:Infinity":14,"s:107:6:107:Infinity":15,"s:109:4:109:Infinity":16,"f:128:2:128:17":5,"b:129:4:133:Infinity:undefined:undefined:undefined:undefined":6,"s:129:4:133:Infinity":17,"s:130:6:132:Infinity":18,"s:135:25:135:Infinity":19,"s:136:31:136:Infinity":20,"s:138:4:148:Infinity":21,"f:159:2:159:15":6,"b:159:52:159:65":7,"b:160:4:164:Infinity:undefined:undefined:undefined:undefined":8,"s:160:4:164:Infinity":22,"s:161:6:163:Infinity":23,"b:165:4:167:Infinity:undefined:undefined:undefined:undefined":9,"s:165:4:167:Infinity":24,"b:165:8:165:21:165:21:165:47":10,"s:166:6:166:Infinity":25,"s:169:18:169:Infinity":26,"s:170:16:170:Infinity":27,"s:172:4:172:Infinity":28,"f:172:51:172:52":7,"s:172:61:172:70":29,"f:181:2:181:16":8,"s:182:4:184:Infinity":30,"f:182:51:182:52":9,"s:183:6:183:Infinity":31,"f:192:2:192:16":10,"s:193:4:198:Infinity":32,"f:209:2:209:22":11,"s:210:4:214:Infinity":33,"b:211:46:211:51:211:51:211:Infinity":11,"b:213:50:213:55:213:55:213:Infinity":12,"f:225:2:225:17":12,"b:226:4:226:Infinity:undefined:undefined:undefined:undefined":13,"s:226:4:226:Infinity":34,"s:226:20:226:Infinity":35,"s:227:4:227:Infinity":36,"f:238:2:238:26":13,"s:239:17:239:Infinity":37,"s:240:4:243:Infinity":38}}}
,"C:\\Users\\thumb\\Documents\\projects\\typescript\\utils\\src\\sort.ts": {"path":"C:\\Users\\thumb\\Documents\\projects\\typescript\\utils\\src\\sort.ts","statementMap":{"0":{"start":{"line":22,"column":28},"end":{"line":75,"column":null}},"1":{"start":{"line":27,"column":4},"end":{"line":74,"column":null}},"2":{"start":{"line":28,"column":8},"end":{"line":72,"column":null}},"3":{"start":{"line":28,"column":21},"end":{"line":28,"column":24}},"4":{"start":{"line":29,"column":25},"end":{"line":29,"column":null}},"5":{"start":{"line":30,"column":26},"end":{"line":30,"column":null}},"6":{"start":{"line":31,"column":31},"end":{"line":31,"column":null}},"7":{"start":{"line":33,"column":29},"end":{"line":33,"column":null}},"8":{"start":{"line":34,"column":25},"end":{"line":34,"column":null}},"9":{"start":{"line":35,"column":25},"end":{"line":35,"column":null}},"10":{"start":{"line":38,"column":12},"end":{"line":67,"column":null}},"11":{"start":{"line":39,"column":16},"end":{"line":39,"column":null}},"12":{"start":{"line":40,"column":12},"end":{"line":67,"column":null}},"13":{"start":{"line":41,"column":16},"end":{"line":41,"column":null}},"14":{"start":{"line":42,"column":12},"end":{"line":67,"column":null}},"15":{"start":{"line":43,"column":16},"end":{"line":43,"column":null}},"16":{"start":{"line":44,"column":12},"end":{"line":67,"column":null}},"17":{"start":{"line":47,"column":16},"end":{"line":47,"column":null}},"18":{"start":{"line":48,"column":12},"end":{"line":67,"column":null}},"19":{"start":{"line":51,"column":16},"end":{"line":51,"column":null}},"20":{"start":{"line":52,"column":12},"end":{"line":67,"column":null}},"21":{"start":{"line":55,"column":16},"end":{"line":55,"column":null}},"22":{"start":{"line":59,"column":16},"end":{"line":66,"column":null}},"23":{"start":{"line":69,"column":12},"end":{"line":71,"column":null}},"24":{"start":{"line":70,"column":16},"end":{"line":70,"column":null}},"25":{"start":{"line":73,"column":8},"end":{"line":73,"column":null}}},"fnMap":{"0":{"name":"(anonymous_0)","decl":{"start":{"line":22,"column":28},"end":{"line":22,"column":null}},"loc":{"start":{"line":26,"column":10},"end":{"line":75,"column":null}},"line":26},"1":{"name":"(anonymous_1)","decl":{"start":{"line":27,"column":25},"end":{"line":27,"column":26}},"loc":{"start":{"line":27,"column":35},"end":{"line":74,"column":5}},"line":27}},"branchMap":{"0":{"loc":{"start":{"line":25,"column":4},"end":{"line":25,"column":null}},"type":"default-arg","locations":[{"start":{"line":25,"column":33},"end":{"line":25,"column":null}}],"line":25},"1":{"loc":{"start":{"line":30,"column":26},"end":{"line":30,"column":null}},"type":"binary-expr","locations":[{"start":{"line":30,"column":26},"end":{"line":30,"column":39}},{"start":{"line":30,"column":39},"end":{"line":30,"column":null}}],"line":30},"2":{"loc":{"start":{"line":31,"column":31},"end":{"line":31,"column":null}},"type":"cond-expr","locations":[{"start":{"line":31,"column":50},"end":{"line":31,"column":55}},{"start":{"line":31,"column":55},"end":{"line":31,"column":null}}],"line":31},"3":{"loc":{"start":{"line":38,"column":12},"end":{"line":67,"column":null}},"type":"if","locations":[{"start":{"line":38,"column":12},"end":{"line":67,"column":null}},{"start":{"line":40,"column":12},"end":{"line":67,"column":null}}],"line":38},"4":{"loc":{"start":{"line":38,"column":16},"end":{"line":38,"column":46}},"type":"binary-expr","locations":[{"start":{"line":38,"column":16},"end":{"line":38,"column":32}},{"start":{"line":38,"column":32},"end":{"line":38,"column":46}}],"line":38},"5":{"loc":{"start":{"line":40,"column":12},"end":{"line":67,"column":null}},"type":"if","locations":[{"start":{"line":40,"column":12},"end":{"line":67,"column":null}},{"start":{"line":42,"column":12},"end":{"line":67,"column":null}}],"line":40},"6":{"loc":{"start":{"line":42,"column":12},"end":{"line":67,"column":null}},"type":"if","locations":[{"start":{"line":42,"column":12},"end":{"line":67,"column":null}},{"start":{"line":44,"column":12},"end":{"line":67,"column":null}}],"line":42},"7":{"loc":{"start":{"line":44,"column":12},"end":{"line":67,"column":null}},"type":"if","locations":[{"start":{"line":44,"column":12},"end":{"line":67,"column":null}},{"start":{"line":48,"column":12},"end":{"line":67,"column":null}}],"line":44},"8":{"loc":{"start":{"line":46,"column":21},"end":{"line":46,"column":75}},"type":"binary-expr","locations":[{"start":{"line":46,"column":21},"end":{"line":46,"column":49}},{"start":{"line":46,"column":49},"end":{"line":46,"column":75}}],"line":46},"9":{"loc":{"start":{"line":48,"column":12},"end":{"line":67,"column":null}},"type":"if","locations":[{"start":{"line":48,"column":12},"end":{"line":67,"column":null}},{"start":{"line":52,"column":12},"end":{"line":67,"column":null}}],"line":48},"10":{"loc":{"start":{"line":50,"column":21},"end":{"line":50,"column":67}},"type":"binary-expr","locations":[{"start":{"line":50,"column":21},"end":{"line":50,"column":45}},{"start":{"line":50,"column":45},"end":{"line":50,"column":67}}],"line":50},"11":{"loc":{"start":{"line":52,"column":12},"end":{"line":67,"column":null}},"type":"if","locations":[{"start":{"line":52,"column":12},"end":{"line":67,"column":null}},{"start":{"line":58,"column":17},"end":{"line":67,"column":null}}],"line":52},"12":{"loc":{"start":{"line":54,"column":21},"end":{"line":54,"column":77}},"type":"binary-expr","locations":[{"start":{"line":54,"column":21},"end":{"line":54,"column":50}},{"start":{"line":54,"column":50},"end":{"line":54,"column":77}}],"line":54},"13":{"loc":{"start":{"line":55,"column":29},"end":{"line":55,"column":null}},"type":"cond-expr","locations":[{"start":{"line":55,"column":45},"end":{"line":55,"column":49}},{"start":{"line":55,"column":49},"end":{"line":55,"column":null}}],"line":55},"14":{"loc":{"start":{"line":55,"column":49},"end":{"line":55,"column":null}},"type":"cond-expr","locations":[{"start":{"line":55,"column":56},"end":{"line":55,"column":60}},{"start":{"line":55,"column":60},"end":{"line":55,"column":null}}],"line":55},"15":{"loc":{"start":{"line":69,"column":12},"end":{"line":71,"column":null}},"type":"if","locations":[{"start":{"line":69,"column":12},"end":{"line":71,"column":null}},{"start":{},"end":{}}],"line":69}},"s":{"0":1,"1":28,"2":87,"3":87,"4":100,"5":100,"6":100,"7":100,"8":100,"9":100,"10":100,"11":1,"12":99,"13":4,"14":95,"15":6,"16":89,"17":45,"18":44,"19":8,"20":36,"21":6,"22":30,"23":100,"24":80,"25":7},"f":{"0":28,"1":87},"b":{"0":[28],"1":[100,50],"2":[36,64],"3":[1,99],"4":[100,5],"5":[4,95],"6":[6,89],"7":[45,44],"8":[89,45],"9":[8,36],"10":[44,8],"11":[6,30],"12":[36,6],"13":[2,4],"14":[2,2],"15":[80,20]},"meta":{"lastBranch":16,"lastFunction":2,"lastStatement":26,"seen":{"s:22:28:75:Infinity":0,"f:22:28:22:Infinity":0,"b:25:33:25:Infinity":0,"s:27:4:74:Infinity":1,"f:27:25:27:26":1,"s:28:8:72:Infinity":2,"s:28:21:28:24":3,"s:29:25:29:Infinity":4,"s:30:26:30:Infinity":5,"b:30:26:30:39:30:39:30:Infinity":1,"s:31:31:31:Infinity":6,"b:31:50:31:55:31:55:31:Infinity":2,"s:33:29:33:Infinity":7,"s:34:25:34:Infinity":8,"s:35:25:35:Infinity":9,"b:38:12:67:Infinity:40:12:67:Infinity":3,"s:38:12:67:Infinity":10,"b:38:16:38:32:38:32:38:46":4,"s:39:16:39:Infinity":11,"b:40:12:67:Infinity:42:12:67:Infinity":5,"s:40:12:67:Infinity":12,"s:41:16:41:Infinity":13,"b:42:12:67:Infinity:44:12:67:Infinity":6,"s:42:12:67:Infinity":14,"s:43:16:43:Infinity":15,"b:44:12:67:Infinity:48:12:67:Infinity":7,"s:44:12:67:Infinity":16,"b:46:21:46:49:46:49:46:75":8,"s:47:16:47:Infinity":17,"b:48:12:67:Infinity:52:12:67:Infinity":9,"s:48:12:67:Infinity":18,"b:50:21:50:45:50:45:50:67":10,"s:51:16:51:Infinity":19,"b:52:12:67:Infinity:58:17:67:Infinity":11,"s:52:12:67:Infinity":20,"b:54:21:54:50:54:50:54:77":12,"s:55:16:55:Infinity":21,"b:55:45:55:49:55:49:55:Infinity":13,"b:55:56:55:60:55:60:55:Infinity":14,"s:59:16:66:Infinity":22,"b:69:12:71:Infinity:undefined:undefined:undefined:undefined":15,"s:69:12:71:Infinity":23,"s:70:16:70:Infinity":24,"s:73:8:73:Infinity":25}}}
,"C:\\Users\\thumb\\Documents\\projects\\typescript\\utils\\tests\\obsidan-types.ts": {"path":"C:\\Users\\thumb\\Documents\\projects\\typescript\\utils\\tests\\obsidan-types.ts","statementMap":{"0":{"start":{"line":3,"column":46},"end":{"line":13,"column":null}},"1":{"start":{"line":19,"column":31},"end":{"line":31,"column":null}}},"fnMap":{},"branchMap":{},"s":{"0":1,"1":1},"f":{},"b":{},"meta":{"lastBranch":0,"lastFunction":0,"lastStatement":2,"seen":{"s:3:46:13:Infinity":0,"s:19:31:31:Infinity":1}}}
}
